TN:
SF:src\App.jsx
FN:18,AppShell
FN:22,(anonymous_1)
FN:25,(anonymous_2)
FN:33,(anonymous_3)
FN:38,(anonymous_4)
FN:39,(anonymous_5)
FN:45,(anonymous_6)
FN:50,(anonymous_7)
FN:51,(anonymous_8)
FN:58,(anonymous_9)
FN:63,(anonymous_10)
FN:67,(anonymous_11)
FN:96,App
FNF:13
FNH:0
FNDA:0,AppShell
FNDA:0,(anonymous_1)
FNDA:0,(anonymous_2)
FNDA:0,(anonymous_3)
FNDA:0,(anonymous_4)
FNDA:0,(anonymous_5)
FNDA:0,(anonymous_6)
FNDA:0,(anonymous_7)
FNDA:0,(anonymous_8)
FNDA:0,(anonymous_9)
FNDA:0,(anonymous_10)
FNDA:0,(anonymous_11)
FNDA:0,App
DA:16,0
DA:19,0
DA:20,0
DA:22,0
DA:23,0
DA:25,0
DA:26,0
DA:27,0
DA:30,0
DA:31,0
DA:33,0
DA:34,0
DA:38,0
DA:39,0
DA:40,0
DA:41,0
DA:45,0
DA:46,0
DA:50,0
DA:51,0
DA:52,0
DA:53,0
DA:56,0
DA:58,0
DA:59,0
DA:63,0
DA:64,0
DA:67,0
DA:68,0
DA:71,0
DA:97,0
LF:31
LH:0
BRDA:26,0,0,0
BRDA:26,0,1,0
BRDA:27,1,0,0
BRDA:27,1,1,0
BRDA:40,2,0,0
BRDA:40,2,1,0
BRDA:76,3,0,0
BRDA:76,3,1,0
BRF:8
BRH:0
end_of_record
TN:
SF:src\AppRoutes.jsx
FN:28,AppRoutes
FNF:1
FNH:0
FNDA:0,AppRoutes
DA:29,0
LF:1
LH:0
BRF:0
BRH:0
end_of_record
TN:
SF:src\main.jsx
FNF:0
FNH:0
DA:11,0
DA:12,0
DA:14,0
LF:3
LH:0
BRF:0
BRH:0
end_of_record
TN:
SF:src\components\UpdateAvailableBanner.jsx
FN:3,UpdateAvailableBanner
FNF:1
FNH:1
FNDA:1,UpdateAvailableBanner
DA:4,1
LF:1
LH:1
BRF:0
BRH:0
end_of_record
TN:
SF:src\components\AgendamentoPage\Header.jsx
FN:4,Header
FN:7,(anonymous_1)
FNF:2
FNH:0
FNDA:0,Header
FNDA:0,(anonymous_1)
DA:5,0
DA:7,0
DA:8,0
DA:10,0
LF:4
LH:0
BRF:0
BRH:0
end_of_record
TN:
SF:src\components\AgendamentoPage\ServicesAgendamento.jsx
FN:5,ServicesAgendamento
FN:16,(anonymous_1)
FNF:2
FNH:1
FNDA:1,ServicesAgendamento
FNDA:0,(anonymous_1)
DA:8,1
DA:13,1
DA:17,0
DA:18,0
LF:4
LH:2
BRDA:5,0,0,1
BRDA:15,1,0,0
BRDA:15,1,1,1
BRDA:15,2,0,0
BRDA:15,2,1,1
BRDA:17,3,0,0
BRDA:17,3,1,0
BRF:7
BRH:3
end_of_record
TN:
SF:src\components\BarberPage\ActionsBarber.jsx
FN:6,ActionsBarber
FNF:1
FNH:0
FNDA:0,ActionsBarber
DA:7,0
LF:1
LH:0
BRDA:14,0,0,0
BRDA:14,0,1,0
BRF:2
BRH:0
end_of_record
TN:
SF:src\components\BarberPage\BarberHeader.jsx
FN:40,BarberHeader
FN:63,(anonymous_1)
FN:64,(anonymous_2)
FN:70,(anonymous_3)
FN:73,(anonymous_4)
FN:74,(anonymous_5)
FN:110,(anonymous_6)
FN:113,(anonymous_7)
FN:125,(anonymous_8)
FN:143,(anonymous_9)
FN:154,(anonymous_10)
FN:163,(anonymous_11)
FN:163,(anonymous_12)
FN:171,(anonymous_13)
FN:175,(anonymous_14)
FN:188,(anonymous_15)
FN:197,(anonymous_16)
FN:207,(anonymous_17)
FN:207,(anonymous_18)
FN:217,(anonymous_19)
FN:223,(anonymous_20)
FN:229,(anonymous_21)
FN:251,(anonymous_22)
FN:251,(anonymous_23)
FN:269,(anonymous_24)
FN:273,(anonymous_25)
FN:288,(anonymous_26)
FN:292,(anonymous_27)
FNF:28
FNH:0
FNDA:0,BarberHeader
FNDA:0,(anonymous_1)
FNDA:0,(anonymous_2)
FNDA:0,(anonymous_3)
FNDA:0,(anonymous_4)
FNDA:0,(anonymous_5)
FNDA:0,(anonymous_6)
FNDA:0,(anonymous_7)
FNDA:0,(anonymous_8)
FNDA:0,(anonymous_9)
FNDA:0,(anonymous_10)
FNDA:0,(anonymous_11)
FNDA:0,(anonymous_12)
FNDA:0,(anonymous_13)
FNDA:0,(anonymous_14)
FNDA:0,(anonymous_15)
FNDA:0,(anonymous_16)
FNDA:0,(anonymous_17)
FNDA:0,(anonymous_18)
FNDA:0,(anonymous_19)
FNDA:0,(anonymous_20)
FNDA:0,(anonymous_21)
FNDA:0,(anonymous_22)
FNDA:0,(anonymous_23)
FNDA:0,(anonymous_24)
FNDA:0,(anonymous_25)
FNDA:0,(anonymous_26)
FNDA:0,(anonymous_27)
DA:41,0
DA:44,0
DA:45,0
DA:46,0
DA:47,0
DA:48,0
DA:51,0
DA:53,0
DA:54,0
DA:55,0
DA:56,0
DA:57,0
DA:59,0
DA:60,0
DA:61,0
DA:63,0
DA:64,0
DA:65,0
DA:66,0
DA:67,0
DA:69,0
DA:70,0
DA:73,0
DA:74,0
DA:75,0
DA:76,0
DA:77,0
DA:79,0
DA:80,0
DA:81,0
DA:82,0
DA:83,0
DA:89,0
DA:91,0
DA:95,0
DA:98,0
DA:106,0
DA:107,0
DA:109,0
DA:110,0
DA:113,0
DA:114,0
DA:115,0
DA:116,0
DA:117,0
DA:118,0
DA:119,0
DA:121,0
DA:125,0
DA:126,0
DA:127,0
DA:128,0
DA:129,0
DA:130,0
DA:132,0
DA:136,0
DA:143,0
DA:154,0
DA:163,0
DA:172,0
DA:175,0
DA:188,0
DA:197,0
DA:207,0
DA:217,0
DA:223,0
DA:229,0
DA:251,0
DA:269,0
DA:273,0
DA:288,0
DA:292,0
LF:72
LH:0
BRDA:47,0,0,0
BRDA:47,0,1,0
BRDA:47,0,2,0
BRDA:48,1,0,0
BRDA:48,1,1,0
BRDA:51,2,0,0
BRDA:51,2,1,0
BRDA:51,2,2,0
BRDA:65,3,0,0
BRDA:65,3,1,0
BRDA:65,4,0,0
BRDA:65,4,1,0
BRDA:66,5,0,0
BRDA:66,5,1,0
BRDA:66,6,0,0
BRDA:66,6,1,0
BRDA:67,7,0,0
BRDA:67,7,1,0
BRDA:67,8,0,0
BRDA:67,8,1,0
BRDA:75,9,0,0
BRDA:75,9,1,0
BRDA:82,10,0,0
BRDA:82,10,1,0
BRDA:85,11,0,0
BRDA:85,11,1,0
BRDA:100,12,0,0
BRDA:100,12,1,0
BRDA:109,13,0,0
BRDA:109,13,1,0
BRDA:115,14,0,0
BRDA:115,14,1,0
BRDA:119,15,0,0
BRDA:119,15,1,0
BRDA:126,16,0,0
BRDA:126,16,1,0
BRDA:153,17,0,0
BRDA:153,17,1,0
BRDA:159,18,0,0
BRDA:159,18,1,0
BRDA:162,19,0,0
BRDA:162,19,1,0
BRDA:167,20,0,0
BRDA:167,20,1,0
BRDA:169,21,0,0
BRDA:169,21,1,0
BRDA:174,22,0,0
BRDA:174,22,1,0
BRDA:185,23,0,0
BRDA:185,23,1,0
BRDA:187,24,0,0
BRDA:187,24,1,0
BRDA:190,25,0,0
BRDA:190,25,1,0
BRDA:194,26,0,0
BRDA:194,26,1,0
BRDA:194,26,2,0
BRDA:196,27,0,0
BRDA:196,27,1,0
BRDA:203,28,0,0
BRDA:203,28,1,0
BRDA:203,28,2,0
BRDA:206,29,0,0
BRDA:206,29,1,0
BRDA:211,30,0,0
BRDA:211,30,1,0
BRDA:213,31,0,0
BRDA:213,31,1,0
BRDA:216,32,0,0
BRDA:216,32,1,0
BRDA:222,33,0,0
BRDA:222,33,1,0
BRDA:228,34,0,0
BRDA:228,34,1,0
BRDA:241,35,0,0
BRDA:241,35,1,0
BRDA:241,35,2,0
BRDA:241,35,3,0
BRDA:254,36,0,0
BRDA:254,36,1,0
BRDA:259,37,0,0
BRDA:259,37,1,0
BRDA:262,38,0,0
BRDA:262,38,1,0
BRDA:265,39,0,0
BRDA:265,39,1,0
BRDA:266,40,0,0
BRDA:266,40,1,0
BRDA:272,41,0,0
BRDA:272,41,1,0
BRDA:277,42,0,0
BRDA:277,42,1,0
BRDA:280,43,0,0
BRDA:280,43,1,0
BRDA:282,44,0,0
BRDA:282,44,1,0
BRDA:283,45,0,0
BRDA:283,45,1,0
BRDA:287,46,0,0
BRDA:287,46,1,0
BRF:100
BRH:0
end_of_record
TN:
SF:src\components\BarberPage\BarberNavbar.jsx
FN:28,BarberNavbar
FN:34,(anonymous_1)
FN:39,(anonymous_2)
FN:88,(anonymous_3)
FN:92,(anonymous_4)
FN:98,(anonymous_5)
FN:102,(anonymous_6)
FN:120,(anonymous_7)
FN:120,(anonymous_8)
FN:137,(anonymous_9)
FN:138,(anonymous_10)
FN:142,(anonymous_11)
FN:147,(anonymous_12)
FN:157,(anonymous_13)
FNF:14
FNH:0
FNDA:0,BarberNavbar
FNDA:0,(anonymous_1)
FNDA:0,(anonymous_2)
FNDA:0,(anonymous_3)
FNDA:0,(anonymous_4)
FNDA:0,(anonymous_5)
FNDA:0,(anonymous_6)
FNDA:0,(anonymous_7)
FNDA:0,(anonymous_8)
FNDA:0,(anonymous_9)
FNDA:0,(anonymous_10)
FNDA:0,(anonymous_11)
FNDA:0,(anonymous_12)
FNDA:0,(anonymous_13)
DA:29,0
DA:30,0
DA:31,0
DA:32,0
DA:34,0
DA:35,0
DA:36,0
DA:39,0
DA:40,0
DA:41,0
DA:42,0
DA:43,0
DA:50,0
DA:72,0
DA:73,0
DA:75,0
DA:88,0
DA:92,0
DA:94,0
DA:99,0
DA:102,0
DA:120,0
DA:137,0
DA:138,0
DA:142,0
DA:148,0
DA:157,0
LF:27
LH:0
BRDA:36,0,0,0
BRDA:36,0,1,0
BRDA:41,1,0,0
BRDA:41,1,1,0
BRDA:50,2,0,0
BRDA:50,2,1,0
BRDA:51,3,0,0
BRDA:51,3,1,0
BRDA:72,4,0,0
BRDA:72,4,1,0
BRDA:72,5,0,0
BRDA:72,5,1,0
BRDA:73,6,0,0
BRDA:73,6,1,0
BRDA:73,7,0,0
BRDA:73,7,1,0
BRDA:75,8,0,0
BRDA:75,8,1,0
BRDA:75,9,0,0
BRDA:75,9,1,0
BRDA:86,10,0,0
BRDA:86,10,1,0
BRDA:87,11,0,0
BRDA:87,11,1,0
BRDA:88,12,0,0
BRDA:88,12,1,0
BRDA:103,13,0,0
BRDA:103,13,1,0
BRDA:108,14,0,0
BRDA:108,14,1,0
BRDA:121,15,0,0
BRDA:121,15,1,0
BRDA:121,16,0,0
BRDA:121,16,1,0
BRDA:126,17,0,0
BRDA:126,17,1,0
BRDA:126,18,0,0
BRDA:126,18,1,0
BRDA:136,19,0,0
BRDA:136,19,1,0
BRDA:151,20,0,0
BRDA:151,20,1,0
BRDA:153,21,0,0
BRDA:153,21,1,0
BRDA:157,22,0,0
BRDA:157,22,1,0
BRDA:161,23,0,0
BRDA:161,23,1,0
BRF:48
BRH:0
end_of_record
TN:
SF:src\components\BarberPage\Buttonsbarber.jsx
FN:3,Buttonsbarber
FNF:1
FNH:0
FNDA:0,Buttonsbarber
DA:4,0
LF:1
LH:0
BRF:0
BRH:0
end_of_record
TN:
SF:src\components\BarberPage\DailyInsights.jsx
FN:5,DailyInsights
FN:9,(anonymous_1)
FN:10,(anonymous_2)
FN:15,(anonymous_3)
FN:21,(anonymous_4)
FN:54,(anonymous_5)
FN:59,(anonymous_6)
FN:69,(anonymous_7)
FNF:8
FNH:0
FNDA:0,DailyInsights
FNDA:0,(anonymous_1)
FNDA:0,(anonymous_2)
FNDA:0,(anonymous_3)
FNDA:0,(anonymous_4)
FNDA:0,(anonymous_5)
FNDA:0,(anonymous_6)
FNDA:0,(anonymous_7)
DA:6,0
DA:7,0
DA:9,0
DA:10,0
DA:11,0
DA:12,0
DA:13,0
DA:14,0
DA:15,0
DA:16,0
DA:21,0
DA:22,0
DA:23,0
DA:24,0
DA:25,0
DA:26,0
DA:29,0
DA:31,0
DA:34,0
DA:36,0
DA:37,0
DA:45,0
DA:47,0
DA:51,0
DA:54,0
DA:55,0
DA:56,0
DA:59,0
DA:60,0
DA:61,0
DA:63,0
DA:64,0
DA:66,0
DA:69,0
DA:70,0
DA:71,0
DA:73,0
DA:76,0
LF:38
LH:0
BRDA:13,0,0,0
BRDA:13,0,1,0
BRDA:16,1,0,0
BRDA:16,1,1,0
BRDA:16,1,2,0
BRDA:22,2,0,0
BRDA:22,2,1,0
BRDA:23,3,0,0
BRDA:23,3,1,0
BRDA:23,4,0,0
BRDA:23,4,1,0
BRDA:24,5,0,0
BRDA:24,5,1,0
BRDA:26,6,0,0
BRDA:26,6,1,0
BRDA:34,7,0,0
BRDA:34,7,1,0
BRDA:45,8,0,0
BRDA:45,8,1,0
BRDA:60,9,0,0
BRDA:60,9,1,0
BRDA:63,10,0,0
BRDA:63,10,1,0
BRDA:70,11,0,0
BRDA:70,11,1,0
BRF:25
BRH:0
end_of_record
TN:
SF:src\components\BarberPage\Invoicing.jsx
FN:5,(anonymous_0)
FN:7,Invoicing
FN:14,(anonymous_2)
FN:19,(anonymous_3)
FN:29,(anonymous_4)
FN:30,(anonymous_5)
FN:90,(anonymous_6)
FN:92,(anonymous_7)
FN:96,(anonymous_8)
FN:100,(anonymous_9)
FN:104,(anonymous_10)
FN:107,(anonymous_11)
FN:108,(anonymous_12)
FN:109,(anonymous_13)
FN:111,(anonymous_14)
FN:150,(anonymous_15)
FNF:16
FNH:0
FNDA:0,(anonymous_0)
FNDA:0,Invoicing
FNDA:0,(anonymous_2)
FNDA:0,(anonymous_3)
FNDA:0,(anonymous_4)
FNDA:0,(anonymous_5)
FNDA:0,(anonymous_6)
FNDA:0,(anonymous_7)
FNDA:0,(anonymous_8)
FNDA:0,(anonymous_9)
FNDA:0,(anonymous_10)
FNDA:0,(anonymous_11)
FNDA:0,(anonymous_12)
FNDA:0,(anonymous_13)
FNDA:0,(anonymous_14)
FNDA:0,(anonymous_15)
DA:5,0
DA:8,0
DA:9,0
DA:10,0
DA:11,0
DA:13,0
DA:14,0
DA:15,0
DA:16,0
DA:17,0
DA:18,0
DA:19,0
DA:23,0
DA:26,0
DA:29,0
DA:30,0
DA:31,0
DA:32,0
DA:33,0
DA:34,0
DA:37,0
DA:38,0
DA:39,0
DA:40,0
DA:41,0
DA:42,0
DA:43,0
DA:45,0
DA:46,0
DA:50,0
DA:52,0
DA:53,0
DA:58,0
DA:59,0
DA:60,0
DA:62,0
DA:63,0
DA:64,0
DA:67,0
DA:71,0
DA:72,0
DA:73,0
DA:76,0
DA:77,0
DA:78,0
DA:80,0
DA:84,0
DA:87,0
DA:88,0
DA:89,0
DA:90,0
DA:91,0
DA:92,0
DA:95,0
DA:96,0
DA:99,0
DA:100,0
DA:103,0
DA:104,0
DA:107,0
DA:108,0
DA:109,0
DA:110,0
DA:111,0
DA:112,0
DA:115,0
DA:151,0
DA:152,0
DA:153,0
DA:154,0
DA:155,0
DA:156,0
DA:157,0
DA:159,0
LF:74
LH:0
BRDA:5,0,0,0
BRDA:5,0,1,0
BRDA:15,1,0,0
BRDA:15,1,1,0
BRDA:16,2,0,0
BRDA:16,2,1,0
BRDA:18,3,0,0
BRDA:18,3,1,0
BRDA:20,4,0,0
BRDA:20,4,1,0
BRDA:23,5,0,0
BRDA:23,5,1,0
BRDA:24,6,0,0
BRDA:24,6,1,0
BRDA:26,7,0,0
BRDA:26,7,1,0
BRDA:26,7,2,0
BRDA:31,8,0,0
BRDA:31,8,1,0
BRDA:45,9,0,0
BRDA:45,9,1,0
BRDA:50,10,0,0
BRDA:50,10,1,0
BRDA:58,11,0,0
BRDA:58,11,1,0
BRDA:71,12,0,0
BRDA:71,12,1,0
BRDA:87,13,0,0
BRDA:87,13,1,0
BRDA:88,14,0,0
BRDA:88,14,1,0
BRDA:89,15,0,0
BRDA:89,15,1,0
BRDA:90,16,0,0
BRDA:90,16,1,0
BRDA:92,17,0,0
BRDA:92,17,1,0
BRDA:92,17,2,0
BRDA:96,18,0,0
BRDA:96,18,1,0
BRDA:96,19,0,0
BRDA:96,19,1,0
BRDA:100,20,0,0
BRDA:100,20,1,0
BRDA:100,21,0,0
BRDA:100,21,1,0
BRDA:104,22,0,0
BRDA:104,22,1,0
BRDA:104,23,0,0
BRDA:104,23,1,0
BRDA:107,24,0,0
BRDA:107,24,1,0
BRDA:108,25,0,0
BRDA:108,25,1,0
BRDA:110,26,0,0
BRDA:110,26,1,0
BRDA:111,27,0,0
BRDA:111,27,1,0
BRDA:111,27,2,0
BRDA:112,28,0,0
BRDA:112,28,1,0
BRDA:120,29,0,0
BRDA:120,29,1,0
BRDA:121,30,0,0
BRDA:121,30,1,0
BRDA:122,31,0,0
BRDA:122,31,1,0
BRDA:124,32,0,0
BRDA:124,32,1,0
BRDA:125,33,0,0
BRDA:125,33,1,0
BRDA:126,34,0,0
BRDA:126,34,1,0
BRDA:127,35,0,0
BRDA:127,35,1,0
BRDA:129,36,0,0
BRDA:129,36,1,0
BRDA:131,37,0,0
BRDA:131,37,1,0
BRDA:132,38,0,0
BRDA:132,38,1,0
BRDA:133,39,0,0
BRDA:133,39,1,0
BRDA:133,40,0,0
BRDA:133,40,1,0
BRDA:134,41,0,0
BRDA:134,41,1,0
BRDA:134,42,0,0
BRDA:134,42,1,0
BRDA:138,43,0,0
BRDA:138,43,1,0
BRDA:138,43,2,0
BRDA:146,44,0,0
BRDA:146,44,1,0
BRDA:148,45,0,0
BRDA:148,45,1,0
BRDA:151,46,0,0
BRDA:151,46,1,0
BRDA:152,47,0,0
BRDA:152,47,1,0
BRDA:153,48,0,0
BRDA:153,48,1,0
BRDA:155,49,0,0
BRDA:155,49,1,0
BRDA:156,50,0,0
BRDA:156,50,1,0
BRDA:157,51,0,0
BRDA:157,51,1,0
BRF:108
BRH:0
end_of_record
TN:
SF:src\components\BarberPage\ManageMySkills.jsx
FN:5,(anonymous_0)
FN:7,(anonymous_1)
FN:15,(anonymous_2)
FN:16,(anonymous_3)
FN:28,(anonymous_4)
FN:40,(anonymous_5)
FN:44,(anonymous_6)
FN:46,(anonymous_7)
FN:51,(anonymous_8)
FN:81,(anonymous_9)
FN:88,(anonymous_10)
FNF:11
FNH:0
FNDA:0,(anonymous_0)
FNDA:0,(anonymous_1)
FNDA:0,(anonymous_2)
FNDA:0,(anonymous_3)
FNDA:0,(anonymous_4)
FNDA:0,(anonymous_5)
FNDA:0,(anonymous_6)
FNDA:0,(anonymous_7)
FNDA:0,(anonymous_8)
FNDA:0,(anonymous_9)
FNDA:0,(anonymous_10)
DA:5,0
DA:7,0
DA:8,0
DA:9,0
DA:10,0
DA:11,0
DA:12,0
DA:13,0
DA:15,0
DA:16,0
DA:17,0
DA:18,0
DA:19,0
DA:20,0
DA:21,0
DA:26,0
DA:28,0
DA:30,0
DA:31,0
DA:33,0
DA:37,0
DA:40,0
DA:41,0
DA:42,0
DA:44,0
DA:45,0
DA:46,0
DA:51,0
DA:52,0
DA:53,0
DA:54,0
DA:55,0
DA:56,0
DA:57,0
DA:59,0
DA:60,0
DA:62,0
DA:66,0
DA:82,0
DA:83,0
DA:84,0
DA:88,0
LF:42
LH:0
BRDA:5,0,0,0
BRDA:5,0,1,0
BRDA:7,1,0,0
BRDA:28,2,0,0
BRDA:28,2,1,0
BRDA:37,3,0,0
BRDA:37,3,1,0
BRDA:42,4,0,0
BRDA:42,4,1,0
BRDA:45,5,0,0
BRDA:45,5,1,0
BRDA:68,6,0,0
BRDA:68,6,1,0
BRDA:69,7,0,0
BRDA:69,7,1,0
BRDA:71,8,0,0
BRDA:71,8,1,0
BRDA:89,9,0,0
BRDA:89,9,1,0
BRDA:93,10,0,0
BRDA:93,10,1,0
BRDA:94,11,0,0
BRDA:94,11,1,0
BRDA:105,12,0,0
BRDA:105,12,1,0
BRDA:105,12,2,0
BRDA:109,13,0,0
BRDA:109,13,1,0
BRDA:110,14,0,0
BRDA:110,14,1,0
BRF:30
BRH:0
end_of_record
TN:
SF:src\components\BarberPage\ManageServices.jsx
FN:5,(anonymous_0)
FN:14,(anonymous_1)
FN:27,(anonymous_2)
FN:31,(anonymous_3)
FN:74,(anonymous_4)
FN:94,(anonymous_5)
FN:102,(anonymous_6)
FN:127,(anonymous_7)
FN:141,(anonymous_8)
FN:154,(anonymous_9)
FNF:10
FNH:0
FNDA:0,(anonymous_0)
FNDA:0,(anonymous_1)
FNDA:0,(anonymous_2)
FNDA:0,(anonymous_3)
FNDA:0,(anonymous_4)
FNDA:0,(anonymous_5)
FNDA:0,(anonymous_6)
FNDA:0,(anonymous_7)
FNDA:0,(anonymous_8)
FNDA:0,(anonymous_9)
DA:5,0
DA:6,0
DA:7,0
DA:8,0
DA:10,0
DA:11,0
DA:12,0
DA:14,0
DA:15,0
DA:16,0
DA:17,0
DA:19,0
DA:20,0
DA:21,0
DA:23,0
DA:27,0
DA:28,0
DA:31,0
DA:32,0
DA:33,0
DA:35,0
DA:36,0
DA:37,0
DA:40,0
DA:41,0
DA:43,0
DA:44,0
DA:45,0
DA:48,0
DA:49,0
DA:50,0
DA:53,0
DA:54,0
DA:60,0
DA:61,0
DA:62,0
DA:63,0
DA:65,0
DA:66,0
DA:67,0
DA:69,0
DA:74,0
DA:75,0
DA:76,0
DA:77,0
DA:78,0
DA:80,0
DA:85,0
DA:95,0
DA:102,0
DA:127,0
DA:141,0
DA:154,0
LF:53
LH:0
BRDA:20,0,0,0
BRDA:20,0,1,0
BRDA:21,1,0,0
BRDA:21,1,1,0
BRDA:33,2,0,0
BRDA:33,2,1,0
BRDA:33,3,0,0
BRDA:33,3,1,0
BRDA:33,3,2,0
BRDA:35,4,0,0
BRDA:35,4,1,0
BRDA:43,5,0,0
BRDA:43,5,1,0
BRDA:43,6,0,0
BRDA:43,6,1,0
BRDA:48,7,0,0
BRDA:48,7,1,0
BRDA:48,8,0,0
BRDA:48,8,1,0
BRDA:66,9,0,0
BRDA:66,9,1,0
BRDA:75,10,0,0
BRDA:75,10,1,0
BRDA:90,11,0,0
BRDA:90,11,1,0
BRDA:92,12,0,0
BRDA:92,12,1,0
BRDA:115,13,0,0
BRDA:115,13,1,0
BRF:29
BRH:0
end_of_record
TN:
SF:src\components\BarberPage\NextScheduling.jsx
FN:5,NextScheduling
FN:9,(anonymous_1)
FN:10,(anonymous_2)
FN:19,(anonymous_3)
FN:24,(anonymous_4)
FN:39,(anonymous_5)
FN:45,(anonymous_6)
FN:47,(anonymous_7)
FN:55,(anonymous_8)
FN:74,(anonymous_9)
FNF:10
FNH:0
FNDA:0,NextScheduling
FNDA:0,(anonymous_1)
FNDA:0,(anonymous_2)
FNDA:0,(anonymous_3)
FNDA:0,(anonymous_4)
FNDA:0,(anonymous_5)
FNDA:0,(anonymous_6)
FNDA:0,(anonymous_7)
FNDA:0,(anonymous_8)
FNDA:0,(anonymous_9)
DA:6,0
DA:7,0
DA:9,0
DA:10,0
DA:11,0
DA:12,0
DA:13,0
DA:14,0
DA:15,0
DA:16,0
DA:18,0
DA:20,0
DA:21,0
DA:22,0
DA:24,0
DA:27,0
DA:29,0
DA:30,0
DA:32,0
DA:36,0
DA:39,0
DA:40,0
DA:41,0
DA:42,0
DA:45,0
DA:46,0
DA:47,0
DA:49,0
DA:50,0
DA:52,0
DA:55,0
DA:57,0
DA:75,0
LF:33
LH:0
BRDA:14,0,0,0
BRDA:14,0,1,0
BRDA:20,1,0,0
BRDA:20,1,1,0
BRDA:21,2,0,0
BRDA:21,2,1,0
BRDA:21,3,0,0
BRDA:21,3,1,0
BRDA:22,4,0,0
BRDA:22,4,1,0
BRDA:22,5,0,0
BRDA:22,5,1,0
BRDA:41,6,0,0
BRDA:41,6,1,0
BRDA:46,7,0,0
BRDA:46,7,1,0
BRDA:46,8,0,0
BRDA:46,8,1,0
BRDA:49,9,0,0
BRDA:49,9,1,0
BRDA:49,10,0,0
BRDA:49,10,1,0
BRDA:64,11,0,0
BRDA:64,11,1,0
BRDA:73,12,0,0
BRDA:73,12,1,0
BRDA:82,13,0,0
BRDA:82,13,1,0
BRDA:82,13,2,0
BRF:29
BRH:0
end_of_record
TN:
SF:src\components\BarberPage\NoBarbershopPanel.jsx
FN:4,NoBarbershopPanel
FNF:1
FNH:0
FNDA:0,NoBarbershopPanel
DA:5,0
LF:1
LH:0
BRF:0
BRH:0
end_of_record
TN:
SF:src\components\BarberPage\ServicesHomeBarber.jsx
FN:5,ServicesHomeBarber
FN:9,(anonymous_1)
FN:21,(anonymous_2)
FN:25,(anonymous_3)
FN:38,(anonymous_4)
FNF:5
FNH:0
FNDA:0,ServicesHomeBarber
FNDA:0,(anonymous_1)
FNDA:0,(anonymous_2)
FNDA:0,(anonymous_3)
FNDA:0,(anonymous_4)
DA:6,0
DA:7,0
DA:9,0
DA:10,0
DA:11,0
DA:12,0
DA:14,0
DA:15,0
DA:17,0
DA:21,0
DA:22,0
DA:25,0
DA:27,0
DA:39,0
LF:14
LH:0
BRDA:12,0,0,0
BRDA:12,0,1,0
BRDA:34,1,0,0
BRDA:34,1,1,0
BRDA:36,2,0,0
BRDA:36,2,1,0
BRDA:43,3,0,0
BRDA:43,3,1,0
BRF:8
BRH:0
end_of_record
TN:
SF:src\components\BarberPage\Stock.jsx
FN:5,Stock
FN:8,(anonymous_1)
FN:9,(anonymous_2)
FNF:3
FNH:0
FNDA:0,Stock
FNDA:0,(anonymous_1)
FNDA:0,(anonymous_2)
DA:6,0
DA:8,0
DA:9,0
DA:10,0
DA:11,0
DA:12,0
DA:15,0
DA:16,0
DA:25,0
DA:27,0
DA:28,0
DA:32,0
DA:35,0
LF:13
LH:0
BRDA:10,0,0,0
BRDA:10,0,1,0
BRDA:25,1,0,0
BRDA:25,1,1,0
BRDA:43,2,0,0
BRDA:43,2,1,0
BRF:6
BRH:0
end_of_record
TN:
SF:src\components\BarbershopMap\BarbershopMap.jsx
FN:18,BarbershopMap
FNF:1
FNH:0
FNDA:0,BarbershopMap
DA:6,1
DA:7,1
DA:19,0
DA:21,0
DA:23,0
LF:5
LH:2
BRDA:19,0,0,0
BRDA:19,0,1,0
BRDA:19,1,0,0
BRDA:19,1,1,0
BRDA:37,2,0,0
BRDA:37,2,1,0
BRF:6
BRH:0
end_of_record
TN:
SF:src\components\CropImageModal\CropImageModal.jsx
FN:6,(anonymous_0)
FN:14,(anonymous_1)
FN:14,(anonymous_2)
FN:46,(anonymous_3)
FN:52,(anonymous_4)
FN:59,CropImageModal
FN:68,(anonymous_6)
FN:72,(anonymous_7)
FN:77,(anonymous_8)
FN:109,(anonymous_9)
FN:110,(anonymous_10)
FN:117,(anonymous_11)
FNF:12
FNH:0
FNDA:0,(anonymous_0)
FNDA:0,(anonymous_1)
FNDA:0,(anonymous_2)
FNDA:0,(anonymous_3)
FNDA:0,(anonymous_4)
FNDA:0,CropImageModal
FNDA:0,(anonymous_6)
FNDA:0,(anonymous_7)
FNDA:0,(anonymous_8)
FNDA:0,(anonymous_9)
FNDA:0,(anonymous_10)
FNDA:0,(anonymous_11)
DA:6,1
DA:14,1
DA:15,0
DA:16,0
DA:18,0
DA:19,0
DA:20,0
DA:23,0
DA:24,0
DA:26,0
DA:27,0
DA:28,0
DA:29,0
DA:30,0
DA:31,0
DA:33,0
DA:34,0
DA:46,0
DA:47,0
DA:48,0
DA:52,1
DA:67,0
DA:68,0
DA:69,0
DA:70,0
DA:72,0
DA:73,0
DA:74,0
DA:77,0
DA:78,0
DA:80,0
DA:84,0
DA:85,0
DA:86,0
DA:87,0
DA:89,0
DA:93,0
DA:95,0
DA:109,0
DA:110,0
DA:117,0
LF:41
LH:3
BRDA:18,0,0,0
BRDA:18,0,1,0
BRDA:28,1,0,0
BRDA:28,1,1,0
BRDA:29,2,0,0
BRDA:29,2,1,0
BRDA:30,3,0,0
BRDA:30,3,1,0
BRDA:31,4,0,0
BRDA:31,4,1,0
BRDA:47,5,0,0
BRDA:47,5,1,0
BRDA:53,6,0,0
BRDA:53,6,1,0
BRDA:54,7,0,0
BRDA:54,7,1,0
BRDA:55,8,0,0
BRDA:55,8,1,0
BRDA:56,9,0,0
BRDA:56,9,1,0
BRDA:61,10,0,0
BRDA:62,11,0,0
BRDA:63,12,0,0
BRDA:78,13,0,0
BRDA:78,13,1,0
BRDA:80,14,0,0
BRDA:80,14,1,0
BRDA:80,15,0,0
BRDA:80,15,1,0
BRDA:93,16,0,0
BRDA:93,16,1,0
BRDA:127,17,0,0
BRDA:127,17,1,0
BRF:33
BRH:0
end_of_record
TN:
SF:src\components\Dashboard\DashReportPanel.jsx
FN:14,DashReportPanel
FN:20,(anonymous_1)
FN:26,(anonymous_2)
FN:29,(anonymous_3)
FN:41,(anonymous_4)
FN:41,(anonymous_5)
FN:49,(anonymous_6)
FN:49,(anonymous_7)
FNF:8
FNH:0
FNDA:0,DashReportPanel
FNDA:0,(anonymous_1)
FNDA:0,(anonymous_2)
FNDA:0,(anonymous_3)
FNDA:0,(anonymous_4)
FNDA:0,(anonymous_5)
FNDA:0,(anonymous_6)
FNDA:0,(anonymous_7)
DA:15,0
DA:16,0
DA:17,0
DA:18,0
DA:20,0
DA:21,0
DA:22,0
DA:23,0
DA:26,0
DA:27,0
DA:28,0
DA:29,0
DA:32,0
DA:34,0
DA:41,0
DA:49,0
LF:16
LH:0
BRDA:14,0,0,0
BRDA:21,1,0,0
BRDA:21,1,1,0
BRDA:27,2,0,0
BRDA:27,2,1,0
BRDA:32,3,0,0
BRDA:32,3,1,0
BRDA:40,4,0,0
BRDA:40,4,1,0
BRDA:42,5,0,0
BRDA:42,5,1,0
BRDA:43,6,0,0
BRDA:43,6,1,0
BRDA:45,7,0,0
BRDA:45,7,1,0
BRDA:48,8,0,0
BRDA:48,8,1,0
BRDA:50,9,0,0
BRDA:50,9,1,0
BRDA:51,10,0,0
BRDA:51,10,1,0
BRDA:53,11,0,0
BRDA:53,11,1,0
BRDA:55,12,0,0
BRDA:55,12,1,0
BRDA:57,13,0,0
BRDA:57,13,1,0
BRDA:63,14,0,0
BRDA:63,14,1,0
BRDA:67,15,0,0
BRDA:67,15,1,0
BRDA:68,16,0,0
BRDA:68,16,1,0
BRDA:73,17,0,0
BRDA:73,17,1,0
BRDA:74,18,0,0
BRDA:74,18,1,0
BRF:37
BRH:0
end_of_record
TN:
SF:src\components\Dashboard\ExportPDFModal.jsx
FN:6,(anonymous_0)
FN:18,ExportPDFModal
FN:23,(anonymous_2)
FN:35,(anonymous_3)
FN:47,(anonymous_4)
FN:56,(anonymous_5)
FN:74,(anonymous_6)
FNF:7
FNH:0
FNDA:0,(anonymous_0)
FNDA:0,ExportPDFModal
FNDA:0,(anonymous_2)
FNDA:0,(anonymous_3)
FNDA:0,(anonymous_4)
FNDA:0,(anonymous_5)
FNDA:0,(anonymous_6)
DA:6,0
DA:7,0
DA:8,0
DA:9,0
DA:19,0
DA:20,0
DA:22,0
DA:23,0
DA:27,0
DA:29,0
DA:33,0
DA:35,0
DA:47,0
DA:56,0
DA:74,0
LF:15
LH:0
BRDA:7,0,0,0
BRDA:7,0,1,0
BRDA:23,1,0,0
BRDA:23,1,1,0
BRDA:27,2,0,0
BRDA:27,2,1,0
BRDA:27,2,2,0
BRDA:29,3,0,0
BRDA:29,3,1,0
BRDA:48,4,0,0
BRDA:48,4,1,0
BRDA:57,5,0,0
BRDA:57,5,1,0
BRDA:62,6,0,0
BRDA:62,6,1,0
BRDA:66,7,0,0
BRDA:66,7,1,0
BRDA:74,8,0,0
BRDA:74,8,1,0
BRF:19
BRH:0
end_of_record
TN:
SF:src\components\Dashboard\ReportPDF.jsx
FN:4,(anonymous_0)
FN:26,SectionBlock
FN:40,(anonymous_2)
FN:45,(anonymous_3)
FN:47,(anonymous_4)
FN:62,ReportPDF
FN:76,(anonymous_6)
FN:82,(anonymous_7)
FN:94,(anonymous_8)
FN:99,buildPDFSections
FN:104,(anonymous_10)
FN:114,(anonymous_11)
FN:124,(anonymous_12)
FN:145,(anonymous_13)
FN:155,(anonymous_14)
FN:165,(anonymous_15)
FNF:16
FNH:0
FNDA:0,(anonymous_0)
FNDA:0,SectionBlock
FNDA:0,(anonymous_2)
FNDA:0,(anonymous_3)
FNDA:0,(anonymous_4)
FNDA:0,ReportPDF
FNDA:0,(anonymous_6)
FNDA:0,(anonymous_7)
FNDA:0,(anonymous_8)
FNDA:0,buildPDFSections
FNDA:0,(anonymous_10)
FNDA:0,(anonymous_11)
FNDA:0,(anonymous_12)
FNDA:0,(anonymous_13)
FNDA:0,(anonymous_14)
FNDA:0,(anonymous_15)
DA:4,0
DA:5,0
DA:7,0
DA:27,0
DA:28,0
DA:35,0
DA:41,0
DA:46,0
DA:48,0
DA:63,0
DA:64,0
DA:77,0
DA:83,0
DA:94,0
DA:95,0
DA:96,0
DA:100,0
DA:104,0
DA:114,0
DA:125,0
DA:126,0
DA:127,0
DA:128,0
DA:129,0
DA:130,0
DA:131,0
DA:133,0
DA:145,0
DA:155,0
DA:165,0
LF:30
LH:0
BRDA:5,0,0,0
BRDA:5,0,1,0
BRDA:27,1,0,0
BRDA:27,1,1,0
BRDA:38,2,0,0
BRDA:38,2,1,0
BRDA:46,3,0,0
BRDA:46,3,1,0
BRDA:48,4,0,0
BRDA:48,4,1,0
BRDA:95,5,0,0
BRDA:95,5,1,0
BRDA:104,6,0,0
BRDA:104,6,1,0
BRDA:105,7,0,0
BRDA:105,7,1,0
BRDA:106,8,0,0
BRDA:106,8,1,0
BRDA:108,9,0,0
BRDA:108,9,1,0
BRDA:114,10,0,0
BRDA:114,10,1,0
BRDA:115,11,0,0
BRDA:115,11,1,0
BRDA:116,12,0,0
BRDA:116,12,1,0
BRDA:117,13,0,0
BRDA:117,13,1,0
BRDA:118,14,0,0
BRDA:118,14,1,0
BRDA:124,15,0,0
BRDA:124,15,1,0
BRDA:125,16,0,0
BRDA:125,16,1,0
BRDA:126,17,0,0
BRDA:126,17,1,0
BRDA:127,18,0,0
BRDA:127,18,1,0
BRDA:128,19,0,0
BRDA:128,19,1,0
BRDA:129,20,0,0
BRDA:129,20,1,0
BRDA:129,20,2,0
BRDA:130,21,0,0
BRDA:130,21,1,0
BRDA:131,22,0,0
BRDA:131,22,1,0
BRDA:131,23,0,0
BRDA:131,23,1,0
BRDA:134,24,0,0
BRDA:134,24,1,0
BRDA:145,25,0,0
BRDA:145,25,1,0
BRDA:146,26,0,0
BRDA:146,26,1,0
BRDA:147,27,0,0
BRDA:147,27,1,0
BRDA:148,28,0,0
BRDA:148,28,1,0
BRDA:155,29,0,0
BRDA:155,29,1,0
BRDA:156,30,0,0
BRDA:156,30,1,0
BRDA:157,31,0,0
BRDA:157,31,1,0
BRDA:158,32,0,0
BRDA:158,32,1,0
BRDA:165,33,0,0
BRDA:165,33,1,0
BRDA:166,34,0,0
BRDA:166,34,1,0
BRDA:167,35,0,0
BRDA:167,35,1,0
BRF:73
BRH:0
end_of_record
TN:
SF:src\components\Dashboard\panels\AgendaThermometerPanel.jsx
FN:8,AgendaThermometerPanel
FN:11,(anonymous_1)
FN:22,(anonymous_2)
FN:57,AgendaThermometerTable
FN:66,(anonymous_4)
FNF:5
FNH:0
FNDA:0,AgendaThermometerPanel
FNDA:0,(anonymous_1)
FNDA:0,(anonymous_2)
FNDA:0,AgendaThermometerTable
FNDA:0,(anonymous_4)
DA:9,0
DA:11,0
DA:12,0
DA:13,0
DA:14,0
DA:15,0
DA:16,0
DA:17,0
DA:19,0
DA:22,0
DA:23,0
DA:24,0
DA:34,0
DA:58,0
DA:59,0
DA:67,0
DA:68,0
DA:69,0
DA:70,0
DA:71,0
DA:72,0
DA:74,0
LF:22
LH:0
BRDA:9,0,0,0
BRDA:9,0,1,0
BRDA:12,1,0,0
BRDA:12,1,1,0
BRDA:13,2,0,0
BRDA:13,2,1,0
BRDA:14,3,0,0
BRDA:14,3,1,0
BRDA:15,4,0,0
BRDA:15,4,1,0
BRDA:16,5,0,0
BRDA:16,5,1,0
BRDA:17,6,0,0
BRDA:17,6,1,0
BRDA:25,7,0,0
BRDA:25,7,1,0
BRDA:58,8,0,0
BRDA:58,8,1,0
BRDA:67,9,0,0
BRDA:67,9,1,0
BRDA:68,10,0,0
BRDA:68,10,1,0
BRDA:69,11,0,0
BRDA:69,11,1,0
BRDA:70,12,0,0
BRDA:70,12,1,0
BRDA:71,13,0,0
BRDA:71,13,1,0
BRDA:72,14,0,0
BRDA:72,14,1,0
BRF:30
BRH:0
end_of_record
TN:
SF:src\components\Dashboard\panels\BarberPerformancePanel.jsx
FN:9,(anonymous_0)
FN:11,BarberPerformancePanel
FN:14,(anonymous_2)
FN:25,(anonymous_3)
FN:29,(anonymous_4)
FN:32,(anonymous_5)
FN:42,BarberPerformanceTable
FN:45,(anonymous_7)
FN:57,(anonymous_8)
FN:59,(anonymous_9)
FN:61,(anonymous_10)
FN:80,(anonymous_11)
FNF:12
FNH:0
FNDA:0,(anonymous_0)
FNDA:0,BarberPerformancePanel
FNDA:0,(anonymous_2)
FNDA:0,(anonymous_3)
FNDA:0,(anonymous_4)
FNDA:0,(anonymous_5)
FNDA:0,BarberPerformanceTable
FNDA:0,(anonymous_7)
FNDA:0,(anonymous_8)
FNDA:0,(anonymous_9)
FNDA:0,(anonymous_10)
FNDA:0,(anonymous_11)
DA:8,0
DA:9,0
DA:12,0
DA:14,0
DA:19,0
DA:25,0
DA:29,0
DA:33,0
DA:43,0
DA:45,0
DA:50,0
DA:57,0
DA:59,0
DA:61,0
DA:81,0
LF:15
LH:0
BRDA:9,0,0,0
BRDA:9,0,1,0
BRDA:12,1,0,0
BRDA:12,1,1,0
BRDA:15,2,0,0
BRDA:15,2,1,0
BRDA:16,3,0,0
BRDA:16,3,1,0
BRDA:43,4,0,0
BRDA:43,4,1,0
BRDA:46,5,0,0
BRDA:46,5,1,0
BRDA:47,6,0,0
BRDA:47,6,1,0
BRF:14
BRH:0
end_of_record
TN:
SF:src\components\Dashboard\panels\BarberSkillMatrixPanel.jsx
FN:6,(anonymous_0)
FN:8,BarberSkillMatrixPanel
FN:11,(anonymous_2)
FN:14,(anonymous_3)
FN:16,(anonymous_4)
FN:17,(anonymous_5)
FN:23,(anonymous_6)
FN:24,(anonymous_7)
FN:30,(anonymous_8)
FN:47,(anonymous_9)
FN:50,(anonymous_10)
FN:58,BarberSkillMatrixTable
FN:67,(anonymous_12)
FNF:13
FNH:0
FNDA:0,(anonymous_0)
FNDA:0,BarberSkillMatrixPanel
FNDA:0,(anonymous_2)
FNDA:0,(anonymous_3)
FNDA:0,(anonymous_4)
FNDA:0,(anonymous_5)
FNDA:0,(anonymous_6)
FNDA:0,(anonymous_7)
FNDA:0,(anonymous_8)
FNDA:0,(anonymous_9)
FNDA:0,(anonymous_10)
FNDA:0,BarberSkillMatrixTable
FNDA:0,(anonymous_12)
DA:5,0
DA:6,0
DA:9,0
DA:11,0
DA:12,0
DA:14,0
DA:15,0
DA:16,0
DA:17,0
DA:19,0
DA:24,0
DA:25,0
DA:30,0
DA:47,0
DA:50,0
DA:59,0
DA:60,0
DA:68,0
LF:18
LH:0
BRDA:9,0,0,0
BRDA:9,0,1,0
BRDA:14,1,0,0
BRDA:14,1,1,0
BRDA:21,2,0,0
BRDA:21,2,1,0
BRDA:24,3,0,0
BRDA:24,3,1,0
BRDA:29,4,0,0
BRDA:29,4,1,0
BRDA:59,5,0,0
BRDA:59,5,1,0
BRF:12
BRH:0
end_of_record
TN:
SF:src\components\Dashboard\panels\CustomerAcquisitionPanel.jsx
FN:8,CustomerAcquisitionPanel
FN:11,(anonymous_1)
FN:26,(anonymous_2)
FN:29,(anonymous_3)
FN:39,CustomerAcquisitionTable
FN:46,(anonymous_5)
FNF:6
FNH:0
FNDA:0,CustomerAcquisitionPanel
FNDA:0,(anonymous_1)
FNDA:0,(anonymous_2)
FNDA:0,(anonymous_3)
FNDA:0,CustomerAcquisitionTable
FNDA:0,(anonymous_5)
DA:9,0
DA:11,0
DA:16,0
DA:26,0
DA:30,0
DA:40,0
DA:41,0
DA:47,0
LF:8
LH:0
BRDA:9,0,0,0
BRDA:9,0,1,0
BRDA:12,1,0,0
BRDA:12,1,1,0
BRDA:13,2,0,0
BRDA:13,2,1,0
BRDA:30,3,0,0
BRDA:30,3,1,0
BRDA:40,4,0,0
BRDA:40,4,1,0
BRF:10
BRH:0
end_of_record
TN:
SF:src\components\Dashboard\panels\CustomerRetentionPanel.jsx
FN:8,CustomerRetentionPanel
FN:11,(anonymous_1)
FN:32,(anonymous_2)
FN:41,CustomerRetentionTable
FN:48,(anonymous_4)
FNF:5
FNH:0
FNDA:0,CustomerRetentionPanel
FNDA:0,(anonymous_1)
FNDA:0,(anonymous_2)
FNDA:0,CustomerRetentionTable
FNDA:0,(anonymous_4)
DA:9,0
DA:11,0
DA:16,0
DA:32,0
DA:42,0
DA:43,0
DA:49,0
LF:7
LH:0
BRDA:9,0,0,0
BRDA:9,0,1,0
BRDA:12,1,0,0
BRDA:12,1,1,0
BRDA:13,2,0,0
BRDA:13,2,1,0
BRDA:42,3,0,0
BRDA:42,3,1,0
BRF:8
BRH:0
end_of_record
TN:
SF:src\components\Dashboard\panels\FixedExpensesPanel.jsx
FN:6,(anonymous_0)
FN:8,FixedExpensesPiePanel
FN:11,(anonymous_2)
FN:16,(anonymous_3)
FN:29,(anonymous_4)
FN:32,(anonymous_5)
FN:38,(anonymous_6)
FN:50,FixedExpensesTable
FN:53,(anonymous_8)
FN:68,(anonymous_9)
FN:78,(anonymous_10)
FNF:11
FNH:0
FNDA:0,(anonymous_0)
FNDA:0,FixedExpensesPiePanel
FNDA:0,(anonymous_2)
FNDA:0,(anonymous_3)
FNDA:0,(anonymous_4)
FNDA:0,(anonymous_5)
FNDA:0,(anonymous_6)
FNDA:0,FixedExpensesTable
FNDA:0,(anonymous_8)
FNDA:0,(anonymous_9)
FNDA:0,(anonymous_10)
DA:5,0
DA:6,0
DA:9,0
DA:11,0
DA:16,0
DA:18,0
DA:29,0
DA:33,0
DA:38,0
DA:51,0
DA:53,0
DA:55,0
DA:69,0
DA:78,0
LF:14
LH:0
BRDA:9,0,0,0
BRDA:9,0,1,0
BRDA:12,1,0,0
BRDA:12,1,1,0
BRDA:13,2,0,0
BRDA:13,2,1,0
BRDA:51,3,0,0
BRDA:51,3,1,0
BRDA:64,4,0,0
BRDA:64,4,1,0
BRDA:71,5,0,0
BRDA:71,5,1,0
BRDA:73,6,0,0
BRDA:73,6,1,0
BRDA:74,7,0,0
BRDA:74,7,1,0
BRDA:94,8,0,0
BRDA:94,8,1,0
BRF:18
BRH:0
end_of_record
TN:
SF:src\components\Dashboard\panels\StockHealthPanel.jsx
FN:5,StockHealthPanel
FN:8,(anonymous_1)
FN:9,(anonymous_2)
FN:27,(anonymous_3)
FN:34,(anonymous_4)
FN:43,StockHealthTable
FN:58,(anonymous_6)
FNF:7
FNH:0
FNDA:0,StockHealthPanel
FNDA:0,(anonymous_1)
FNDA:0,(anonymous_2)
FNDA:0,(anonymous_3)
FNDA:0,(anonymous_4)
FNDA:0,StockHealthTable
FNDA:0,(anonymous_6)
DA:6,0
DA:8,0
DA:9,0
DA:11,0
DA:16,0
DA:27,0
DA:34,0
DA:44,0
DA:45,0
DA:59,0
LF:10
LH:0
BRDA:6,0,0,0
BRDA:6,0,1,0
BRDA:44,1,0,0
BRDA:44,1,1,0
BRDA:59,2,0,0
BRDA:59,2,1,0
BRDA:64,3,0,0
BRDA:64,3,1,0
BRF:8
BRH:0
end_of_record
TN:
SF:src\components\GustaveChat\GustaveChat.jsx
FN:11,detectMode
FN:21,(anonymous_1)
FN:24,GustaveChat
FN:26,(anonymous_3)
FN:28,(anonymous_4)
FN:29,(anonymous_5)
FN:33,(anonymous_6)
FN:65,(anonymous_7)
FN:70,(anonymous_8)
FN:76,(anonymous_9)
FN:82,(anonymous_10)
FN:92,(anonymous_11)
FN:95,(anonymous_12)
FN:105,(anonymous_13)
FN:122,(anonymous_14)
FN:127,(anonymous_15)
FN:164,(anonymous_16)
FN:185,(anonymous_17)
FN:185,(anonymous_18)
FNF:19
FNH:0
FNDA:0,detectMode
FNDA:0,(anonymous_1)
FNDA:0,GustaveChat
FNDA:0,(anonymous_3)
FNDA:0,(anonymous_4)
FNDA:0,(anonymous_5)
FNDA:0,(anonymous_6)
FNDA:0,(anonymous_7)
FNDA:0,(anonymous_8)
FNDA:0,(anonymous_9)
FNDA:0,(anonymous_10)
FNDA:0,(anonymous_11)
FNDA:0,(anonymous_12)
FNDA:0,(anonymous_13)
FNDA:0,(anonymous_14)
FNDA:0,(anonymous_15)
FNDA:0,(anonymous_16)
FNDA:0,(anonymous_17)
FNDA:0,(anonymous_18)
DA:6,0
DA:12,0
DA:13,0
DA:21,0
DA:25,0
DA:26,0
DA:28,0
DA:29,0
DA:30,0
DA:31,0
DA:32,0
DA:33,0
DA:34,0
DA:35,0
DA:36,0
DA:40,0
DA:43,0
DA:54,0
DA:56,0
DA:57,0
DA:60,0
DA:61,0
DA:62,0
DA:63,0
DA:65,0
DA:66,0
DA:70,0
DA:71,0
DA:74,0
DA:76,0
DA:77,0
DA:78,0
DA:80,0
DA:82,0
DA:83,0
DA:84,0
DA:85,0
DA:87,0
DA:88,0
DA:89,0
DA:90,0
DA:91,0
DA:92,0
DA:94,0
DA:95,0
DA:101,0
DA:105,0
DA:106,0
DA:109,0
DA:122,0
DA:128,0
DA:129,0
DA:139,0
DA:164,0
DA:185,0
LF:55
LH:0
BRDA:21,0,0,0
BRDA:21,0,1,0
BRDA:40,1,0,0
BRDA:40,1,1,0
BRDA:40,1,2,0
BRDA:54,2,0,0
BRDA:54,2,1,0
BRDA:66,3,0,0
BRDA:66,3,1,0
BRDA:71,4,0,0
BRDA:71,4,1,0
BRDA:74,5,0,0
BRDA:74,5,1,0
BRDA:78,6,0,0
BRDA:78,6,1,0
BRDA:78,7,0,0
BRDA:78,7,1,0
BRDA:106,8,0,0
BRDA:106,8,1,0
BRDA:106,9,0,0
BRDA:106,9,1,0
BRDA:112,10,0,0
BRDA:112,10,1,0
BRDA:118,11,0,0
BRDA:118,11,1,0
BRDA:119,12,0,0
BRDA:119,12,1,0
BRDA:128,13,0,0
BRDA:128,13,1,0
BRDA:147,14,0,0
BRDA:147,14,1,0
BRDA:172,15,0,0
BRDA:172,15,1,0
BRDA:184,16,0,0
BRDA:184,16,1,0
BRDA:186,17,0,0
BRDA:186,17,1,0
BRDA:189,18,0,0
BRDA:189,18,1,0
BRF:39
BRH:0
end_of_record
TN:
SF:src\components\HomePage\CustomerHeader.jsx
FN:27,CustomerHeader
FN:32,(anonymous_1)
FN:33,(anonymous_2)
FN:35,(anonymous_3)
FN:36,(anonymous_4)
FN:42,(anonymous_5)
FN:51,(anonymous_6)
FN:52,(anonymous_7)
FN:56,(anonymous_8)
FN:62,(anonymous_9)
FN:73,(anonymous_10)
FN:84,(anonymous_11)
FN:90,(anonymous_12)
FN:106,(anonymous_13)
FN:106,(anonymous_14)
FN:126,(anonymous_15)
FN:133,(anonymous_16)
FNF:17
FNH:8
FNDA:3,CustomerHeader
FNDA:1,(anonymous_1)
FNDA:1,(anonymous_2)
FNDA:1,(anonymous_3)
FNDA:0,(anonymous_4)
FNDA:1,(anonymous_5)
FNDA:1,(anonymous_6)
FNDA:0,(anonymous_7)
FNDA:1,(anonymous_8)
FNDA:3,(anonymous_9)
FNDA:0,(anonymous_10)
FNDA:0,(anonymous_11)
FNDA:0,(anonymous_12)
FNDA:0,(anonymous_13)
FNDA:0,(anonymous_14)
FNDA:0,(anonymous_15)
FNDA:0,(anonymous_16)
DA:28,3
DA:29,3
DA:32,3
DA:33,3
DA:35,3
DA:36,1
DA:37,0
DA:38,0
DA:40,1
DA:41,1
DA:42,1
DA:43,1
DA:44,1
DA:48,3
DA:49,3
DA:51,3
DA:52,1
DA:53,0
DA:55,1
DA:56,1
DA:59,3
DA:62,3
DA:66,3
DA:73,0
DA:84,0
DA:90,0
DA:106,0
DA:126,0
DA:133,0
LF:29
LH:20
BRDA:27,0,0,3
BRDA:29,1,0,3
BRDA:29,1,1,3
BRDA:32,2,0,1
BRDA:32,2,1,1
BRDA:33,3,0,1
BRDA:33,3,1,1
BRDA:37,4,0,0
BRDA:37,4,1,0
BRDA:38,5,0,0
BRDA:38,5,1,0
BRDA:53,6,0,0
BRDA:53,6,1,0
BRDA:53,7,0,0
BRDA:53,7,1,0
BRDA:83,8,0,0
BRDA:83,8,1,3
BRDA:89,9,0,3
BRDA:89,9,1,0
BRDA:109,10,0,0
BRDA:109,10,1,3
BRDA:114,11,0,0
BRDA:114,11,1,3
BRDA:117,12,0,3
BRDA:117,12,1,0
BRDA:130,13,0,0
BRDA:130,13,1,0
BRF:27
BRH:12
end_of_record
TN:
SF:src\components\HomePage\CustomerNavbar.jsx
FN:22,CustomerNavbar
FN:40,(anonymous_1)
FN:42,(anonymous_2)
FN:44,(anonymous_3)
FN:57,(anonymous_4)
FN:61,(anonymous_5)
FN:78,(anonymous_6)
FN:78,(anonymous_7)
FN:94,(anonymous_8)
FN:95,(anonymous_9)
FN:99,(anonymous_10)
FN:104,(anonymous_11)
FN:114,(anonymous_12)
FNF:13
FNH:3
FNDA:3,CustomerNavbar
FNDA:9,(anonymous_1)
FNDA:0,(anonymous_2)
FNDA:0,(anonymous_3)
FNDA:6,(anonymous_4)
FNDA:0,(anonymous_5)
FNDA:0,(anonymous_6)
FNDA:0,(anonymous_7)
FNDA:0,(anonymous_8)
FNDA:0,(anonymous_9)
FNDA:0,(anonymous_10)
FNDA:0,(anonymous_11)
FNDA:0,(anonymous_12)
DA:23,3
DA:24,3
DA:25,3
DA:27,3
DA:32,3
DA:40,9
DA:42,3
DA:44,3
DA:45,0
DA:46,0
DA:47,0
DA:48,0
DA:49,0
DA:53,3
DA:58,6
DA:61,0
DA:78,0
DA:94,0
DA:95,0
DA:99,0
DA:105,0
DA:114,0
LF:22
LH:10
BRDA:22,0,0,3
BRDA:24,1,0,3
BRDA:24,1,1,3
BRDA:34,2,0,3
BRDA:34,2,1,0
BRDA:46,3,0,0
BRDA:46,3,1,0
BRDA:47,4,0,0
BRDA:47,4,1,0
BRDA:48,5,0,0
BRDA:48,5,1,0
BRDA:62,6,0,3
BRDA:62,6,1,3
BRDA:67,7,0,3
BRDA:67,7,1,3
BRDA:79,8,0,0
BRDA:79,8,1,3
BRDA:79,9,0,3
BRDA:79,9,1,3
BRDA:84,10,0,0
BRDA:84,10,1,3
BRDA:84,11,0,3
BRDA:84,11,1,3
BRDA:93,12,0,3
BRDA:93,12,1,0
BRDA:108,13,0,0
BRDA:108,13,1,0
BRDA:110,14,0,0
BRDA:110,14,1,0
BRDA:116,15,0,0
BRDA:116,15,1,0
BRF:31
BRH:15
end_of_record
TN:
SF:src\components\HomePage\SearchBar.jsx
FN:3,SearchBar
FN:14,(anonymous_1)
FNF:2
FNH:2
FNDA:11,SearchBar
FNDA:2,(anonymous_1)
DA:4,11
DA:14,2
LF:2
LH:2
BRF:0
BRH:0
end_of_record
TN:
SF:src\components\HomePage\Barbershops\Barbershops.jsx
FN:7,Barbershops
FN:11,(anonymous_1)
FN:12,(anonymous_2)
FN:17,(anonymous_3)
FN:30,(anonymous_4)
FN:33,(anonymous_5)
FN:44,(anonymous_6)
FN:55,(anonymous_7)
FNF:8
FNH:8
FNDA:4,Barbershops
FNDA:2,(anonymous_1)
FNDA:2,(anonymous_2)
FNDA:3,(anonymous_3)
FNDA:4,(anonymous_4)
FNDA:3,(anonymous_5)
FNDA:12,(anonymous_6)
FNDA:1,(anonymous_7)
DA:8,4
DA:9,4
DA:11,4
DA:12,2
DA:13,2
DA:14,2
DA:16,2
DA:18,3
DA:19,3
DA:23,2
DA:24,2
DA:27,2
DA:30,4
DA:31,4
DA:32,4
DA:33,4
DA:34,3
DA:39,4
DA:41,4
DA:45,12
DA:56,1
LF:21
LH:21
BRDA:7,0,0,4
BRDA:14,1,0,2
BRDA:14,1,1,1
BRDA:31,2,0,0
BRDA:31,2,1,4
BRDA:43,3,0,2
BRDA:43,3,1,2
BRDA:54,4,0,1
BRDA:54,4,1,1
BRDA:60,5,0,1
BRDA:60,5,1,1
BRDA:66,6,0,1
BRDA:66,6,1,0
BRDA:67,7,0,1
BRDA:67,7,1,0
BRF:15
BRH:12
end_of_record
TN:
SF:src\components\HomePage\Barbershops\Container_Barbericons.jsx
FN:5,Container_Barbericons
FN:9,(anonymous_1)
FN:13,(anonymous_2)
FN:18,(anonymous_3)
FN:42,(anonymous_4)
FNF:5
FNH:5
FNDA:2,Container_Barbericons
FNDA:1,(anonymous_1)
FNDA:2,(anonymous_2)
FNDA:2,(anonymous_3)
FNDA:1,(anonymous_4)
DA:7,2
DA:9,2
DA:10,1
DA:13,2
DA:14,2
DA:15,2
DA:18,2
DA:19,2
DA:20,2
DA:21,10
DA:22,4
DA:23,6
DA:24,1
DA:26,5
DA:29,2
DA:32,2
DA:33,2
DA:34,2
DA:36,2
DA:42,1
LF:20
LH:20
BRDA:5,0,0,2
BRDA:5,1,0,2
BRDA:5,2,0,2
BRDA:5,3,0,2
BRDA:15,4,0,2
BRDA:15,4,1,0
BRDA:21,5,0,4
BRDA:21,5,1,6
BRDA:23,6,0,1
BRDA:23,6,1,5
BRDA:32,7,0,1
BRDA:32,7,1,1
BRDA:33,8,0,2
BRDA:33,8,1,1
BRDA:34,9,0,2
BRDA:34,9,1,1
BRDA:34,10,0,2
BRDA:34,10,1,1
BRDA:45,11,0,1
BRDA:45,11,1,1
BRDA:47,12,0,1
BRDA:47,12,1,1
BRDA:49,13,0,1
BRDA:49,13,1,1
BRDA:55,14,0,2
BRDA:55,14,1,1
BRDA:61,15,0,1
BRDA:61,15,1,1
BRDA:64,16,0,2
BRDA:64,16,1,1
BRF:30
BRH:29
end_of_record
TN:
SF:src\components\HomePage\Favorite_barbershops\Favorite_barbershops.jsx
FN:6,Favorite_barbershops
FN:12,(anonymous_1)
FN:24,(anonymous_2)
FN:35,(anonymous_3)
FN:43,(anonymous_4)
FN:56,(anonymous_5)
FN:60,(anonymous_6)
FN:66,(anonymous_7)
FNF:8
FNH:7
FNDA:4,Favorite_barbershops
FNDA:2,(anonymous_1)
FNDA:2,(anonymous_2)
FNDA:2,(anonymous_3)
FNDA:10,(anonymous_4)
FNDA:1,(anonymous_5)
FNDA:1,(anonymous_6)
FNDA:0,(anonymous_7)
DA:7,4
DA:8,4
DA:9,4
DA:10,4
DA:12,4
DA:13,2
DA:14,2
DA:16,2
DA:17,2
DA:18,0
DA:19,0
DA:20,0
DA:23,2
DA:24,2
DA:25,1
DA:27,1
DA:28,1
DA:29,1
DA:31,2
DA:35,4
DA:36,2
DA:39,4
DA:44,10
DA:57,1
DA:60,1
DA:66,0
LF:26
LH:22
BRDA:6,0,0,4
BRDA:17,1,0,0
BRDA:17,1,1,2
BRDA:41,2,0,2
BRDA:41,2,1,2
BRDA:50,3,0,1
BRDA:50,3,1,1
BRDA:54,4,0,1
BRDA:54,4,1,0
BRDA:64,5,0,1
BRDA:64,5,1,0
BRF:11
BRH:8
end_of_record
TN:
SF:src\components\Login\Login_Inputs.jsx
FN:8,(anonymous_0)
FN:13,getRedirectPath
FN:19,Login_Inputs
FN:30,(anonymous_3)
FN:38,(anonymous_4)
FN:117,(anonymous_5)
FN:194,(anonymous_6)
FN:202,(anonymous_7)
FN:229,(anonymous_8)
FN:238,(anonymous_9)
FN:249,(anonymous_10)
FNF:11
FNH:1
FNDA:0,(anonymous_0)
FNDA:0,getRedirectPath
FNDA:1,Login_Inputs
FNDA:0,(anonymous_3)
FNDA:0,(anonymous_4)
FNDA:0,(anonymous_5)
FNDA:0,(anonymous_6)
FNDA:0,(anonymous_7)
FNDA:0,(anonymous_8)
FNDA:0,(anonymous_9)
FNDA:0,(anonymous_10)
DA:6,1
DA:8,1
DA:9,0
DA:14,0
DA:15,0
DA:16,0
DA:21,1
DA:22,1
DA:23,1
DA:24,1
DA:25,1
DA:26,1
DA:27,1
DA:30,1
DA:38,1
DA:39,0
DA:40,0
DA:43,0
DA:45,0
DA:46,0
DA:47,0
DA:48,0
DA:51,0
DA:54,0
DA:55,0
DA:56,0
DA:62,0
DA:74,0
DA:78,0
DA:79,0
DA:80,0
DA:81,0
DA:85,0
DA:86,0
DA:90,0
DA:94,0
DA:95,0
DA:100,0
DA:101,0
DA:102,0
DA:103,0
DA:104,0
DA:107,0
DA:112,0
DA:113,0
DA:117,1
DA:118,0
DA:119,0
DA:122,0
DA:124,0
DA:125,0
DA:126,0
DA:127,0
DA:129,0
DA:132,0
DA:133,0
DA:134,0
DA:140,0
DA:152,0
DA:156,0
DA:157,0
DA:158,0
DA:159,0
DA:162,0
DA:165,0
DA:166,0
DA:167,0
DA:177,0
DA:179,0
DA:183,0
DA:187,1
DA:194,0
DA:202,0
DA:229,0
DA:238,0
DA:249,0
LF:76
LH:13
BRDA:14,0,0,0
BRDA:14,0,1,0
BRDA:15,1,0,0
BRDA:15,1,1,0
BRDA:15,2,0,0
BRDA:15,2,1,0
BRDA:27,3,0,1
BRDA:27,3,1,0
BRDA:31,4,0,0
BRDA:31,4,1,0
BRDA:31,4,2,0
BRDA:32,5,0,0
BRDA:32,5,1,0
BRDA:33,6,0,0
BRDA:33,6,1,0
BRDA:33,6,2,0
BRDA:33,6,3,0
BRDA:54,7,0,0
BRDA:54,7,1,0
BRDA:55,8,0,0
BRDA:55,8,1,0
BRDA:59,9,0,0
BRDA:59,9,1,0
BRDA:59,9,2,0
BRDA:60,10,0,0
BRDA:60,10,1,0
BRDA:66,11,0,0
BRDA:66,11,1,0
BRDA:66,12,0,0
BRDA:66,12,1,0
BRDA:78,13,0,0
BRDA:78,13,1,0
BRDA:80,14,0,0
BRDA:80,14,1,0
BRDA:85,15,0,0
BRDA:85,15,1,0
BRDA:85,16,0,0
BRDA:85,16,1,0
BRDA:85,16,2,0
BRDA:88,17,0,0
BRDA:88,17,1,0
BRDA:94,18,0,0
BRDA:94,18,1,0
BRDA:95,19,0,0
BRDA:95,19,1,0
BRDA:95,19,2,0
BRDA:95,19,3,0
BRDA:100,20,0,0
BRDA:100,20,1,0
BRDA:103,21,0,0
BRDA:103,21,1,0
BRDA:112,22,0,0
BRDA:112,22,1,0
BRDA:132,23,0,0
BRDA:132,23,1,0
BRDA:133,24,0,0
BRDA:133,24,1,0
BRDA:137,25,0,0
BRDA:137,25,1,0
BRDA:137,25,2,0
BRDA:138,26,0,0
BRDA:138,26,1,0
BRDA:144,27,0,0
BRDA:144,27,1,0
BRDA:144,28,0,0
BRDA:144,28,1,0
BRDA:156,29,0,0
BRDA:156,29,1,0
BRDA:158,30,0,0
BRDA:158,30,1,0
BRDA:162,31,0,0
BRDA:162,31,1,0
BRDA:165,32,0,0
BRDA:165,32,1,0
BRDA:172,33,0,0
BRDA:172,33,1,0
BRDA:173,34,0,0
BRDA:173,34,1,0
BRDA:180,35,0,0
BRDA:180,35,1,0
BRDA:180,35,2,0
BRDA:181,36,0,0
BRDA:181,36,1,0
BRDA:181,36,2,0
BRDA:207,37,0,1
BRDA:207,37,1,0
BRDA:231,38,0,0
BRDA:231,38,1,1
BRDA:250,39,0,0
BRDA:250,39,1,0
BRDA:254,40,0,1
BRDA:254,40,1,0
BRF:92
BRH:4
end_of_record
TN:
SF:src\components\NotificationBell\NotificationBell.jsx
FN:19,NotificationBell
FN:30,(anonymous_1)
FN:36,(anonymous_2)
FN:38,(anonymous_3)
FN:39,(anonymous_4)
FN:43,(anonymous_5)
FN:44,(anonymous_6)
FN:50,(anonymous_7)
FN:53,(anonymous_8)
FN:77,(anonymous_9)
FN:80,(anonymous_10)
FN:81,(anonymous_11)
FN:83,(anonymous_12)
FN:89,(anonymous_13)
FN:94,(anonymous_14)
FN:101,(anonymous_15)
FN:126,(anonymous_16)
FN:133,(anonymous_17)
FN:173,(anonymous_18)
FN:177,(anonymous_19)
FNF:20
FNH:4
FNDA:3,NotificationBell
FNDA:0,(anonymous_1)
FNDA:1,(anonymous_2)
FNDA:0,(anonymous_3)
FNDA:0,(anonymous_4)
FNDA:1,(anonymous_5)
FNDA:0,(anonymous_6)
FNDA:1,(anonymous_7)
FNDA:0,(anonymous_8)
FNDA:0,(anonymous_9)
FNDA:0,(anonymous_10)
FNDA:0,(anonymous_11)
FNDA:0,(anonymous_12)
FNDA:0,(anonymous_13)
FNDA:0,(anonymous_14)
FNDA:0,(anonymous_15)
FNDA:0,(anonymous_16)
FNDA:0,(anonymous_17)
FNDA:0,(anonymous_18)
FNDA:0,(anonymous_19)
DA:20,3
DA:21,3
DA:22,3
DA:23,3
DA:24,3
DA:25,3
DA:26,3
DA:27,3
DA:30,3
DA:31,0
DA:33,3
DA:36,3
DA:37,1
DA:38,0
DA:43,3
DA:44,1
DA:45,0
DA:46,0
DA:49,1
DA:50,1
DA:53,3
DA:54,0
DA:57,0
DA:58,0
DA:59,0
DA:65,0
DA:66,0
DA:67,0
DA:68,0
DA:69,0
DA:71,0
DA:73,0
DA:77,3
DA:78,0
DA:79,0
DA:80,0
DA:81,0
DA:83,0
DA:89,3
DA:90,0
DA:94,3
DA:95,0
DA:96,0
DA:98,0
DA:101,3
DA:102,0
DA:104,0
DA:112,0
DA:115,0
DA:116,0
DA:119,0
DA:120,0
DA:123,0
DA:126,3
DA:127,0
DA:128,0
DA:129,0
DA:130,0
DA:133,3
DA:134,0
DA:135,0
DA:140,3
DA:174,0
DA:177,0
LF:64
LH:24
BRDA:19,0,0,3
BRDA:38,1,0,0
BRDA:38,1,1,0
BRDA:45,2,0,0
BRDA:45,2,1,0
BRDA:45,3,0,0
BRDA:45,3,1,0
BRDA:54,4,0,0
BRDA:54,4,1,0
BRDA:57,5,0,0
BRDA:57,5,1,0
BRDA:69,6,0,0
BRDA:69,6,1,0
BRDA:81,7,0,0
BRDA:81,7,1,0
BRDA:90,8,0,0
BRDA:90,8,1,0
BRDA:91,9,0,0
BRDA:91,9,1,0
BRDA:95,10,0,0
BRDA:95,10,1,0
BRDA:98,11,0,0
BRDA:98,11,1,0
BRDA:102,12,0,0
BRDA:102,12,1,0
BRDA:104,13,0,0
BRDA:104,13,1,0
BRDA:105,14,0,0
BRDA:105,14,1,0
BRDA:105,14,2,0
BRDA:105,14,3,0
BRDA:105,14,4,0
BRDA:105,14,5,0
BRDA:115,15,0,0
BRDA:115,15,1,0
BRDA:116,16,0,0
BRDA:116,16,1,0
BRDA:119,17,0,0
BRDA:119,17,1,0
BRDA:120,18,0,0
BRDA:120,18,1,0
BRDA:127,19,0,0
BRDA:127,19,1,0
BRDA:130,20,0,0
BRDA:130,20,1,0
BRDA:134,21,0,0
BRDA:134,21,1,0
BRDA:150,22,0,3
BRDA:150,22,1,0
BRDA:151,23,0,0
BRDA:151,23,1,0
BRDA:155,24,0,3
BRDA:155,24,1,0
BRDA:162,25,0,0
BRDA:162,25,1,0
BRDA:167,26,0,0
BRDA:167,26,1,0
BRDA:169,27,0,0
BRDA:169,27,1,0
BRDA:176,28,0,0
BRDA:176,28,1,0
BRDA:178,29,0,0
BRDA:178,29,1,0
BRDA:183,30,0,0
BRDA:183,30,1,0
BRF:65
BRH:3
end_of_record
TN:
SF:src\components\PushNotificationToggle\PushNotificationToggle.jsx
FN:11,(anonymous_0)
FN:20,PushNotificationToggle
FN:24,(anonymous_2)
FN:28,(anonymous_3)
FN:35,(anonymous_4)
FNF:5
FNH:0
FNDA:0,(anonymous_0)
FNDA:0,PushNotificationToggle
FNDA:0,(anonymous_2)
FNDA:0,(anonymous_3)
FNDA:0,(anonymous_4)
DA:9,0
DA:11,0
DA:12,0
DA:13,0
DA:14,0
DA:15,0
DA:16,0
DA:17,0
DA:21,0
DA:22,0
DA:24,0
DA:25,0
DA:28,0
DA:29,0
DA:30,0
DA:31,0
DA:32,0
DA:35,0
DA:36,0
DA:37,0
DA:38,0
DA:39,0
DA:42,0
DA:44,0
LF:24
LH:0
BRDA:12,0,0,0
BRDA:12,0,1,0
BRDA:13,1,0,0
BRDA:13,1,1,0
BRDA:14,2,0,0
BRDA:14,2,1,0
BRDA:15,3,0,0
BRDA:15,3,1,0
BRDA:17,4,0,0
BRDA:17,4,1,0
BRDA:31,5,0,0
BRDA:31,5,1,0
BRDA:31,6,0,0
BRDA:31,6,1,0
BRDA:42,7,0,0
BRDA:42,7,1,0
BRDA:42,8,0,0
BRDA:42,8,1,0
BRDA:51,9,0,0
BRDA:51,9,1,0
BRDA:52,10,0,0
BRDA:52,10,1,0
BRDA:53,11,0,0
BRDA:53,11,1,0
BRDA:58,12,0,0
BRDA:58,12,1,0
BRDA:65,13,0,0
BRDA:65,13,1,0
BRDA:69,14,0,0
BRDA:69,14,1,0
BRDA:76,15,0,0
BRDA:76,15,1,0
BRDA:80,16,0,0
BRDA:80,16,1,0
BRF:34
BRH:0
end_of_record
TN:
SF:src\components\RescheduleModal\RescheduleModal.jsx
FN:14,(anonymous_0)
FN:18,(anonymous_1)
FN:22,(anonymous_2)
FN:38,(anonymous_3)
FN:43,(anonymous_4)
FN:51,(anonymous_5)
FN:70,(anonymous_6)
FN:81,(anonymous_7)
FN:85,(anonymous_8)
FN:86,(anonymous_9)
FN:87,(anonymous_10)
FN:91,(anonymous_11)
FN:102,(anonymous_12)
FN:115,(anonymous_13)
FN:118,(anonymous_14)
FN:124,(anonymous_15)
FN:127,(anonymous_16)
FN:133,(anonymous_17)
FN:136,(anonymous_18)
FN:139,(anonymous_19)
FN:142,(anonymous_20)
FN:152,(anonymous_21)
FN:153,(anonymous_22)
FN:155,(anonymous_23)
FN:166,(anonymous_24)
FN:178,(anonymous_25)
FN:209,(anonymous_26)
FN:217,(anonymous_27)
FN:225,(anonymous_28)
FN:275,(anonymous_29)
FN:281,(anonymous_30)
FN:305,(anonymous_31)
FN:305,(anonymous_32)
FN:315,(anonymous_33)
FN:320,(anonymous_34)
FN:320,(anonymous_35)
FN:335,(anonymous_36)
FN:335,(anonymous_37)
FN:345,(anonymous_38)
FN:350,(anonymous_39)
FN:350,(anonymous_40)
FN:375,(anonymous_41)
FN:386,(anonymous_42)
FNF:43
FNH:0
FNDA:0,(anonymous_0)
FNDA:0,(anonymous_1)
FNDA:0,(anonymous_2)
FNDA:0,(anonymous_3)
FNDA:0,(anonymous_4)
FNDA:0,(anonymous_5)
FNDA:0,(anonymous_6)
FNDA:0,(anonymous_7)
FNDA:0,(anonymous_8)
FNDA:0,(anonymous_9)
FNDA:0,(anonymous_10)
FNDA:0,(anonymous_11)
FNDA:0,(anonymous_12)
FNDA:0,(anonymous_13)
FNDA:0,(anonymous_14)
FNDA:0,(anonymous_15)
FNDA:0,(anonymous_16)
FNDA:0,(anonymous_17)
FNDA:0,(anonymous_18)
FNDA:0,(anonymous_19)
FNDA:0,(anonymous_20)
FNDA:0,(anonymous_21)
FNDA:0,(anonymous_22)
FNDA:0,(anonymous_23)
FNDA:0,(anonymous_24)
FNDA:0,(anonymous_25)
FNDA:0,(anonymous_26)
FNDA:0,(anonymous_27)
FNDA:0,(anonymous_28)
FNDA:0,(anonymous_29)
FNDA:0,(anonymous_30)
FNDA:0,(anonymous_31)
FNDA:0,(anonymous_32)
FNDA:0,(anonymous_33)
FNDA:0,(anonymous_34)
FNDA:0,(anonymous_35)
FNDA:0,(anonymous_36)
FNDA:0,(anonymous_37)
FNDA:0,(anonymous_38)
FNDA:0,(anonymous_39)
FNDA:0,(anonymous_40)
FNDA:0,(anonymous_41)
FNDA:0,(anonymous_42)
DA:14,0
DA:15,0
DA:18,0
DA:22,0
DA:23,0
DA:24,0
DA:25,0
DA:35,0
DA:36,0
DA:38,0
DA:39,0
DA:43,0
DA:44,0
DA:45,0
DA:48,0
DA:50,0
DA:51,0
DA:52,0
DA:54,0
DA:58,0
DA:59,0
DA:60,0
DA:61,0
DA:63,0
DA:64,0
DA:65,0
DA:66,0
DA:67,0
DA:68,0
DA:70,0
DA:71,0
DA:72,0
DA:73,0
DA:74,0
DA:75,0
DA:76,0
DA:77,0
DA:81,0
DA:82,0
DA:83,0
DA:84,0
DA:85,0
DA:86,0
DA:87,0
DA:91,0
DA:92,0
DA:94,0
DA:95,0
DA:97,0
DA:98,0
DA:99,0
DA:100,0
DA:102,0
DA:108,0
DA:116,0
DA:117,0
DA:118,0
DA:119,0
DA:120,0
DA:121,0
DA:125,0
DA:128,0
DA:133,0
DA:134,0
DA:135,0
DA:136,0
DA:139,0
DA:140,0
DA:141,0
DA:142,0
DA:143,0
DA:144,0
DA:145,0
DA:148,0
DA:152,0
DA:153,0
DA:155,0
DA:156,0
DA:157,0
DA:158,0
DA:159,0
DA:160,0
DA:161,0
DA:164,0
DA:166,0
DA:167,0
DA:168,0
DA:169,0
DA:170,0
DA:171,0
DA:172,0
DA:173,0
DA:176,0
DA:178,0
DA:210,0
DA:211,0
DA:212,0
DA:217,0
DA:226,0
DA:227,0
DA:228,0
DA:276,0
DA:282,0
DA:283,0
DA:284,0
DA:305,0
DA:316,0
DA:320,0
DA:335,0
DA:346,0
DA:350,0
DA:375,0
DA:386,0
LF:113
LH:0
BRDA:14,0,0,0
BRDA:23,1,0,0
BRDA:23,1,1,0
BRDA:24,2,0,0
BRDA:24,2,1,0
BRDA:44,3,0,0
BRDA:44,3,1,0
BRDA:44,4,0,0
BRDA:44,4,1,0
BRDA:48,5,0,0
BRDA:48,5,1,0
BRDA:50,6,0,0
BRDA:50,6,1,0
BRDA:50,7,0,0
BRDA:50,7,1,0
BRDA:51,8,0,0
BRDA:51,8,1,0
BRDA:52,9,0,0
BRDA:52,9,1,0
BRDA:61,10,0,0
BRDA:61,10,1,0
BRDA:72,11,0,0
BRDA:72,11,1,0
BRDA:82,12,0,0
BRDA:82,12,1,0
BRDA:85,13,0,0
BRDA:85,13,1,0
BRDA:92,14,0,0
BRDA:92,14,1,0
BRDA:92,15,0,0
BRDA:92,15,1,0
BRDA:116,16,0,0
BRDA:116,16,1,0
BRDA:119,17,0,0
BRDA:119,17,1,0
BRDA:121,18,0,0
BRDA:121,18,1,0
BRDA:125,19,0,0
BRDA:125,19,1,0
BRDA:128,20,0,0
BRDA:128,20,1,0
BRDA:134,21,0,0
BRDA:134,21,1,0
BRDA:136,22,0,0
BRDA:136,22,1,0
BRDA:144,23,0,0
BRDA:144,23,1,0
BRDA:145,24,0,0
BRDA:145,24,1,0
BRDA:156,25,0,0
BRDA:156,25,1,0
BRDA:156,26,0,0
BRDA:156,26,1,0
BRDA:158,27,0,0
BRDA:158,27,1,0
BRDA:161,28,0,0
BRDA:161,28,1,0
BRDA:164,29,0,0
BRDA:164,29,1,0
BRDA:164,29,2,0
BRDA:168,30,0,0
BRDA:168,30,1,0
BRDA:184,31,0,0
BRDA:184,31,1,0
BRDA:186,32,0,0
BRDA:186,32,1,0
BRDA:191,33,0,0
BRDA:191,33,1,0
BRDA:191,33,2,0
BRDA:199,34,0,0
BRDA:199,34,1,0
BRDA:202,35,0,0
BRDA:202,35,1,0
BRDA:203,36,0,0
BRDA:203,36,1,0
BRDA:205,37,0,0
BRDA:205,37,1,0
BRDA:216,38,0,0
BRDA:216,38,1,0
BRDA:219,39,0,0
BRDA:219,39,1,0
BRDA:228,40,0,0
BRDA:228,40,1,0
BRDA:241,41,0,0
BRDA:241,41,1,0
BRDA:252,42,0,0
BRDA:252,42,1,0
BRDA:258,43,0,0
BRDA:258,43,1,0
BRDA:260,44,0,0
BRDA:260,44,1,0
BRDA:265,45,0,0
BRDA:265,45,1,0
BRDA:273,46,0,0
BRDA:273,46,1,0
BRDA:279,47,0,0
BRDA:279,47,1,0
BRDA:279,48,0,0
BRDA:279,48,1,0
BRDA:282,49,0,0
BRDA:282,49,1,0
BRDA:284,50,0,0
BRDA:284,50,1,0
BRDA:290,51,0,0
BRDA:290,51,1,0
BRDA:297,52,0,0
BRDA:297,52,1,0
BRDA:298,53,0,0
BRDA:298,53,1,0
BRDA:300,54,0,0
BRDA:300,54,1,0
BRDA:310,55,0,0
BRDA:310,55,1,0
BRDA:313,56,0,0
BRDA:313,56,1,0
BRDA:319,57,0,0
BRDA:319,57,1,0
BRDA:320,58,0,0
BRDA:320,58,1,0
BRDA:330,59,0,0
BRDA:330,59,1,0
BRDA:340,60,0,0
BRDA:340,60,1,0
BRDA:343,61,0,0
BRDA:343,61,1,0
BRDA:349,62,0,0
BRDA:349,62,1,0
BRDA:350,63,0,0
BRDA:350,63,1,0
BRDA:361,64,0,0
BRDA:361,64,1,0
BRDA:375,65,0,0
BRDA:375,65,1,0
BRDA:378,66,0,0
BRDA:378,66,1,0
BRDA:381,67,0,0
BRDA:381,67,1,0
BRDA:397,68,0,0
BRDA:397,68,1,0
BRF:139
BRH:0
end_of_record
TN:
SF:src\components\Sign_In\SignIn_inputs.jsx
FN:15,evaluatePasswordStrength
FN:32,SignIn_inputs
FN:62,(anonymous_2)
FN:72,(anonymous_3)
FN:75,getRedirectPath
FN:82,(anonymous_5)
FN:137,(anonymous_6)
FN:150,(anonymous_7)
FN:273,(anonymous_8)
FN:285,(anonymous_9)
FN:292,(anonymous_10)
FN:313,(anonymous_11)
FN:346,(anonymous_12)
FN:362,(anonymous_13)
FN:374,(anonymous_14)
FN:388,(anonymous_15)
FN:402,(anonymous_16)
FN:414,(anonymous_17)
FN:431,(anonymous_18)
FNF:19
FNH:0
FNDA:0,evaluatePasswordStrength
FNDA:0,SignIn_inputs
FNDA:0,(anonymous_2)
FNDA:0,(anonymous_3)
FNDA:0,getRedirectPath
FNDA:0,(anonymous_5)
FNDA:0,(anonymous_6)
FNDA:0,(anonymous_7)
FNDA:0,(anonymous_8)
FNDA:0,(anonymous_9)
FNDA:0,(anonymous_10)
FNDA:0,(anonymous_11)
FNDA:0,(anonymous_12)
FNDA:0,(anonymous_13)
FNDA:0,(anonymous_14)
FNDA:0,(anonymous_15)
FNDA:0,(anonymous_16)
FNDA:0,(anonymous_17)
FNDA:0,(anonymous_18)
DA:16,0
DA:17,0
DA:18,0
DA:19,0
DA:20,0
DA:21,0
DA:22,0
DA:29,0
DA:34,0
DA:35,0
DA:36,0
DA:40,0
DA:44,0
DA:45,0
DA:48,0
DA:49,0
DA:50,0
DA:53,0
DA:54,0
DA:55,0
DA:56,0
DA:57,0
DA:62,0
DA:63,0
DA:64,0
DA:65,0
DA:66,0
DA:69,0
DA:70,0
DA:72,0
DA:76,0
DA:77,0
DA:78,0
DA:82,0
DA:83,0
DA:84,0
DA:85,0
DA:86,0
DA:87,0
DA:88,0
DA:90,0
DA:91,0
DA:96,0
DA:102,0
DA:103,0
DA:104,0
DA:105,0
DA:106,0
DA:108,0
DA:109,0
DA:110,0
DA:111,0
DA:113,0
DA:116,0
DA:126,0
DA:128,0
DA:132,0
DA:137,0
DA:138,0
DA:139,0
DA:140,0
DA:141,0
DA:142,0
DA:143,0
DA:145,0
DA:146,0
DA:150,0
DA:151,0
DA:152,0
DA:154,0
DA:155,0
DA:156,0
DA:159,0
DA:160,0
DA:161,0
DA:164,0
DA:165,0
DA:166,0
DA:167,0
DA:168,0
DA:170,0
DA:171,0
DA:172,0
DA:176,0
DA:177,0
DA:178,0
DA:179,0
DA:180,0
DA:182,0
DA:183,0
DA:187,0
DA:191,0
DA:192,0
DA:193,0
DA:194,0
DA:198,0
DA:199,0
DA:202,0
DA:205,0
DA:207,0
DA:210,0
DA:211,0
DA:212,0
DA:214,0
DA:215,0
DA:216,0
DA:217,0
DA:219,0
DA:223,0
DA:224,0
DA:225,0
DA:229,0
DA:234,0
DA:238,0
DA:239,0
DA:240,0
DA:241,0
DA:245,0
DA:273,0
DA:285,0
DA:293,0
DA:313,0
DA:346,0
DA:362,0
DA:374,0
DA:388,0
DA:402,0
DA:414,0
DA:431,0
LF:129
LH:0
BRDA:16,0,0,0
BRDA:16,0,1,0
BRDA:18,1,0,0
BRDA:18,1,1,0
BRDA:19,2,0,0
BRDA:19,2,1,0
BRDA:20,3,0,0
BRDA:20,3,1,0
BRDA:21,4,0,0
BRDA:21,4,1,0
BRDA:36,5,0,0
BRDA:36,5,1,0
BRDA:40,6,0,0
BRDA:40,6,1,0
BRDA:44,7,0,0
BRDA:44,7,1,0
BRDA:48,8,0,0
BRDA:48,8,1,0
BRDA:53,9,0,0
BRDA:53,9,1,0
BRDA:63,10,0,0
BRDA:63,10,1,0
BRDA:64,11,0,0
BRDA:64,11,1,0
BRDA:65,12,0,0
BRDA:65,12,1,0
BRDA:66,13,0,0
BRDA:66,13,1,0
BRDA:76,14,0,0
BRDA:76,14,1,0
BRDA:77,15,0,0
BRDA:77,15,1,0
BRDA:77,16,0,0
BRDA:77,16,1,0
BRDA:91,17,0,0
BRDA:91,17,1,0
BRDA:96,18,0,0
BRDA:96,18,1,0
BRDA:99,19,0,0
BRDA:99,19,1,0
BRDA:100,20,0,0
BRDA:100,20,1,0
BRDA:102,21,0,0
BRDA:102,21,1,0
BRDA:103,22,0,0
BRDA:103,22,1,0
BRDA:108,23,0,0
BRDA:108,23,1,0
BRDA:110,24,0,0
BRDA:110,24,1,0
BRDA:113,25,0,0
BRDA:113,25,1,0
BRDA:121,26,0,0
BRDA:121,26,1,0
BRDA:122,27,0,0
BRDA:122,27,1,0
BRDA:129,28,0,0
BRDA:129,28,1,0
BRDA:129,28,2,0
BRDA:139,29,0,0
BRDA:139,29,1,0
BRDA:140,30,0,0
BRDA:140,30,1,0
BRDA:141,31,0,0
BRDA:141,31,1,0
BRDA:154,32,0,0
BRDA:154,32,1,0
BRDA:154,33,0,0
BRDA:154,33,1,0
BRDA:154,33,2,0
BRDA:154,33,3,0
BRDA:159,34,0,0
BRDA:159,34,1,0
BRDA:166,35,0,0
BRDA:166,35,1,0
BRDA:170,36,0,0
BRDA:170,36,1,0
BRDA:176,37,0,0
BRDA:176,37,1,0
BRDA:176,38,0,0
BRDA:176,38,1,0
BRDA:178,39,0,0
BRDA:178,39,1,0
BRDA:179,40,0,0
BRDA:179,40,1,0
BRDA:182,41,0,0
BRDA:182,41,1,0
BRDA:191,42,0,0
BRDA:191,42,1,0
BRDA:191,43,0,0
BRDA:191,43,1,0
BRDA:193,44,0,0
BRDA:193,44,1,0
BRDA:198,45,0,0
BRDA:198,45,1,0
BRDA:200,46,0,0
BRDA:200,46,1,0
BRDA:210,47,0,0
BRDA:210,47,1,0
BRDA:214,48,0,0
BRDA:214,48,1,0
BRDA:224,49,0,0
BRDA:224,49,1,0
BRDA:239,50,0,0
BRDA:239,50,1,0
BRDA:239,50,2,0
BRDA:248,51,0,0
BRDA:248,51,1,0
BRDA:250,52,0,0
BRDA:250,52,1,0
BRDA:251,53,0,0
BRDA:251,53,1,0
BRDA:254,54,0,0
BRDA:254,54,1,0
BRDA:260,55,0,0
BRDA:260,55,1,0
BRDA:262,56,0,0
BRDA:262,56,1,0
BRDA:265,57,0,0
BRDA:265,57,1,0
BRDA:289,58,0,0
BRDA:289,58,1,0
BRDA:295,59,0,0
BRDA:295,59,1,0
BRDA:317,60,0,0
BRDA:317,60,1,0
BRDA:317,60,2,0
BRDA:324,61,0,0
BRDA:324,61,1,0
BRDA:348,62,0,0
BRDA:348,62,1,0
BRDA:354,63,0,0
BRDA:354,63,1,0
BRDA:408,64,0,0
BRDA:408,64,1,0
BRDA:427,65,0,0
BRDA:427,65,1,0
BRDA:437,66,0,0
BRDA:437,66,1,0
BRF:139
BRH:0
end_of_record
TN:
SF:src\components\Site\AboutUs\index.jsx
FN:2,AboutUs
FNF:1
FNH:1
FNDA:1,AboutUs
DA:3,1
LF:1
LH:1
BRF:0
BRH:0
end_of_record
TN:
SF:src\components\Site\Banner\index.jsx
FN:3,BannerSite
FNF:1
FNH:1
FNDA:1,BannerSite
DA:4,1
LF:1
LH:1
BRF:0
BRH:0
end_of_record
TN:
SF:src\components\Site\CTAStats\index.jsx
FN:10,CTAStats
FN:25,(anonymous_1)
FNF:2
FNH:2
FNDA:1,CTAStats
FNDA:4,(anonymous_1)
DA:3,1
DA:11,1
DA:26,4
LF:3
LH:3
BRF:0
BRH:0
end_of_record
TN:
SF:src\components\Site\Faq\index.jsx
FN:32,Faq
FN:35,(anonymous_1)
FN:36,(anonymous_2)
FN:48,(anonymous_3)
FN:56,(anonymous_4)
FNF:5
FNH:5
FNDA:2,Faq
FNDA:1,(anonymous_1)
FNDA:1,(anonymous_2)
FNDA:10,(anonymous_3)
FNDA:1,(anonymous_4)
DA:4,1
DA:33,2
DA:35,2
DA:36,1
DA:39,2
DA:49,10
DA:51,10
DA:56,1
LF:8
LH:8
BRDA:36,0,0,1
BRDA:36,0,1,0
BRDA:60,1,0,1
BRDA:60,1,1,9
BRDA:63,2,0,1
BRDA:63,2,1,9
BRF:6
BRH:5
end_of_record
TN:
SF:src\components\Site\Footer\index.jsx
FN:3,Footer
FNF:1
FNH:1
FNDA:1,Footer
DA:4,1
LF:1
LH:1
BRF:0
BRH:0
end_of_record
TN:
SF:src\components\Site\Header\index.jsx
FN:4,HeaderSite
FN:7,(anonymous_1)
FN:11,(anonymous_2)
FN:26,(anonymous_3)
FN:27,(anonymous_4)
FN:28,(anonymous_5)
FN:29,(anonymous_6)
FN:35,(anonymous_7)
FN:38,(anonymous_8)
FNF:9
FNH:6
FNDA:1,HeaderSite
FNDA:2,(anonymous_1)
FNDA:1,(anonymous_2)
FNDA:1,(anonymous_3)
FNDA:0,(anonymous_4)
FNDA:0,(anonymous_5)
FNDA:0,(anonymous_6)
FNDA:1,(anonymous_7)
FNDA:1,(anonymous_8)
DA:5,1
DA:7,1
DA:8,2
DA:11,1
DA:12,1
DA:13,1
DA:14,1
DA:18,1
DA:26,1
DA:27,0
DA:28,0
DA:29,0
DA:35,1
DA:38,1
LF:14
LH:11
BRDA:13,0,0,1
BRDA:13,0,1,0
BRF:2
BRH:1
end_of_record
TN:
SF:src\components\Site\Mockup\index.jsx
FN:3,Mockup
FNF:1
FNH:1
FNDA:1,Mockup
DA:4,1
LF:1
LH:1
BRF:0
BRH:0
end_of_record
TN:
SF:src\components\Site\Services\index.jsx
FN:3,Services
FNF:1
FNH:1
FNDA:1,Services
DA:4,1
LF:1
LH:1
BRF:0
BRH:0
end_of_record
TN:
SF:src\components\Site\Tutorial\index.jsx
FN:3,Tutorial
FNF:1
FNH:1
FNDA:1,Tutorial
DA:4,1
LF:1
LH:1
BRF:0
BRH:0
end_of_record
TN:
SF:src\components\StockMovementModal\StockMovementModal.jsx
FN:12,StockMovementModal
FN:19,(anonymous_1)
FN:19,(anonymous_2)
FN:22,(anonymous_3)
FN:45,(anonymous_4)
FN:58,(anonymous_5)
FN:63,(anonymous_6)
FN:78,(anonymous_7)
FN:92,(anonymous_8)
FN:103,(anonymous_9)
FNF:10
FNH:10
FNDA:11,StockMovementModal
FNDA:4,(anonymous_1)
FNDA:5,(anonymous_2)
FNDA:2,(anonymous_3)
FNDA:4,(anonymous_4)
FNDA:50,(anonymous_5)
FNDA:1,(anonymous_6)
FNDA:1,(anonymous_7)
FNDA:1,(anonymous_8)
FNDA:1,(anonymous_9)
DA:4,1
DA:13,11
DA:14,11
DA:15,11
DA:16,11
DA:17,11
DA:19,11
DA:20,11
DA:22,11
DA:23,2
DA:24,2
DA:25,2
DA:27,2
DA:28,2
DA:29,2
DA:37,2
DA:41,11
DA:43,10
DA:45,4
DA:59,50
DA:63,1
DA:78,1
DA:92,1
DA:103,1
LF:24
LH:24
BRDA:24,0,0,0
BRDA:24,0,1,2
BRDA:24,1,0,2
BRDA:24,1,1,2
BRDA:25,2,0,0
BRDA:25,2,1,2
BRDA:25,3,0,2
BRDA:25,3,1,1
BRDA:33,4,0,1
BRDA:33,4,1,1
BRDA:34,5,0,2
BRDA:34,5,1,1
BRDA:41,6,0,1
BRDA:41,6,1,10
BRDA:62,7,0,10
BRDA:62,7,1,40
BRDA:82,8,0,10
BRDA:82,8,1,4
BRDA:104,9,0,11
BRDA:104,9,1,0
BRDA:112,10,0,2
BRDA:112,10,1,8
BRF:22
BRH:19
end_of_record
TN:
SF:src\hooks\useAuthGuard.js
FN:10,(anonymous_0)
FN:22,(anonymous_1)
FNF:2
FNH:2
FNDA:4,(anonymous_0)
FNDA:3,(anonymous_1)
DA:10,1
DA:19,4
DA:20,4
DA:22,4
DA:23,3
DA:24,1
DA:25,1
DA:26,1
DA:29,2
DA:30,1
DA:31,1
DA:32,1
DA:35,1
DA:36,0
DA:37,0
DA:38,0
DA:41,1
DA:42,0
DA:43,0
DA:44,0
DA:47,1
DA:59,4
LF:22
LH:16
BRDA:10,0,0,4
BRDA:11,1,0,4
BRDA:12,2,0,4
BRDA:13,3,0,4
BRDA:14,4,0,4
BRDA:15,5,0,4
BRDA:16,6,0,4
BRDA:17,7,0,4
BRDA:23,8,0,1
BRDA:23,8,1,2
BRDA:29,9,0,1
BRDA:29,9,1,1
BRDA:29,10,0,2
BRDA:29,10,1,1
BRDA:35,11,0,0
BRDA:35,11,1,1
BRDA:35,12,0,1
BRDA:35,12,1,1
BRDA:41,13,0,0
BRDA:41,13,1,1
BRDA:41,14,0,1
BRDA:41,14,1,1
BRF:22
BRH:20
end_of_record
TN:
SF:src\hooks\useNotificationStream.js
FN:17,useNotificationStream
FN:22,(anonymous_1)
FN:25,(anonymous_2)
FN:35,(anonymous_3)
FN:45,(anonymous_4)
FN:56,(anonymous_5)
FNF:6
FNH:5
FNDA:2,useNotificationStream
FNDA:2,(anonymous_1)
FNDA:2,(anonymous_2)
FNDA:2,(anonymous_3)
FNDA:0,(anonymous_4)
FNDA:2,(anonymous_5)
DA:3,1
DA:18,2
DA:19,2
DA:20,2
DA:22,2
DA:23,2
DA:25,2
DA:26,2
DA:27,2
DA:29,1
DA:30,2
DA:32,2
DA:33,2
DA:35,2
DA:36,2
DA:37,2
DA:38,2
DA:39,2
DA:45,2
DA:46,0
DA:47,0
DA:48,0
DA:49,0
DA:54,2
DA:56,2
DA:57,2
DA:58,2
DA:59,2
DA:60,2
LF:29
LH:25
BRDA:27,0,0,1
BRDA:27,0,1,1
BRDA:27,1,0,2
BRDA:27,1,1,1
BRDA:29,2,0,1
BRDA:29,2,1,1
BRDA:36,3,0,0
BRDA:36,3,1,2
BRDA:39,4,0,2
BRDA:39,4,1,0
BRDA:48,5,0,0
BRDA:48,5,1,0
BRF:12
BRH:8
end_of_record
TN:
SF:src\pages\AgendaBarbeariaPage.jsx
FN:12,(anonymous_0)
FN:14,(anonymous_1)
FN:26,(anonymous_2)
FN:35,(anonymous_3)
FN:49,(anonymous_4)
FN:53,(anonymous_5)
FN:59,(anonymous_6)
FN:70,(anonymous_7)
FN:78,(anonymous_8)
FN:93,(anonymous_9)
FN:94,(anonymous_10)
FN:104,(anonymous_11)
FN:118,(anonymous_12)
FN:143,(anonymous_13)
FN:149,(anonymous_14)
FN:153,(anonymous_15)
FN:159,(anonymous_16)
FN:166,(anonymous_17)
FN:170,(anonymous_18)
FN:187,(anonymous_19)
FN:220,(anonymous_20)
FN:220,(anonymous_21)
FN:226,(anonymous_22)
FN:226,(anonymous_23)
FN:230,(anonymous_24)
FN:238,(anonymous_25)
FN:238,(anonymous_26)
FNF:27
FNH:21
FNDA:18,(anonymous_0)
FNDA:18,(anonymous_1)
FNDA:4,(anonymous_2)
FNDA:5,(anonymous_3)
FNDA:4,(anonymous_4)
FNDA:0,(anonymous_5)
FNDA:32,(anonymous_6)
FNDA:32,(anonymous_7)
FNDA:64,(anonymous_8)
FNDA:55,(anonymous_9)
FNDA:52,(anonymous_10)
FNDA:2,(anonymous_11)
FNDA:1,(anonymous_12)
FNDA:0,(anonymous_13)
FNDA:1,(anonymous_14)
FNDA:0,(anonymous_15)
FNDA:0,(anonymous_16)
FNDA:108,(anonymous_17)
FNDA:2,(anonymous_18)
FNDA:32,(anonymous_19)
FNDA:1,(anonymous_20)
FNDA:1,(anonymous_21)
FNDA:8,(anonymous_22)
FNDA:8,(anonymous_23)
FNDA:1,(anonymous_24)
FNDA:0,(anonymous_25)
FNDA:0,(anonymous_26)
DA:12,18
DA:14,1
DA:15,18
DA:16,18
DA:17,18
DA:18,18
DA:20,18
DA:21,18
DA:22,18
DA:23,18
DA:24,18
DA:26,18
DA:27,4
DA:28,1
DA:29,1
DA:32,3
DA:35,18
DA:36,5
DA:37,5
DA:38,5
DA:39,5
DA:40,4
DA:41,4
DA:43,1
DA:45,5
DA:49,18
DA:50,4
DA:53,18
DA:54,0
DA:55,0
DA:56,0
DA:59,18
DA:60,32
DA:67,32
DA:70,18
DA:71,32
DA:72,10
DA:73,10
DA:74,7
DA:75,3
DA:78,18
DA:79,64
DA:80,64
DA:83,18
DA:92,18
DA:93,55
DA:94,52
DA:96,18
DA:97,18
DA:98,18
DA:99,18
DA:104,18
DA:105,2
DA:106,2
DA:107,2
DA:108,2
DA:109,1
DA:110,1
DA:111,1
DA:112,1
DA:113,1
DA:114,0
DA:115,0
DA:118,18
DA:119,1
DA:120,1
DA:123,18
DA:143,0
DA:149,1
DA:153,0
DA:159,0
DA:167,108
DA:170,2
DA:188,32
DA:220,1
DA:226,8
DA:227,8
DA:230,1
DA:238,0
LF:79
LH:70
BRDA:18,0,0,18
BRDA:18,0,1,0
BRDA:27,1,0,1
BRDA:27,1,1,3
BRDA:27,2,0,4
BRDA:27,2,1,4
BRDA:36,3,0,0
BRDA:36,3,1,5
BRDA:36,4,0,5
BRDA:36,4,1,5
BRDA:67,5,0,32
BRDA:67,5,1,0
BRDA:71,6,0,22
BRDA:71,6,1,10
BRDA:72,7,0,0
BRDA:72,7,1,10
BRDA:73,8,0,3
BRDA:73,8,1,7
BRDA:74,9,0,4
BRDA:74,9,1,3
BRDA:93,10,0,55
BRDA:93,10,1,11
BRDA:105,11,0,0
BRDA:105,11,1,2
BRDA:105,12,0,2
BRDA:105,12,1,2
BRDA:106,13,0,0
BRDA:106,13,1,2
BRDA:107,14,0,0
BRDA:107,14,1,2
BRDA:108,15,0,1
BRDA:108,15,1,1
BRDA:109,16,0,0
BRDA:109,16,1,1
BRDA:110,17,0,0
BRDA:110,17,1,1
BRDA:111,18,0,0
BRDA:111,18,1,1
BRDA:112,19,0,0
BRDA:112,19,1,1
BRDA:113,20,0,1
BRDA:113,20,1,0
BRDA:114,21,0,0
BRDA:114,21,1,0
BRDA:169,22,0,18
BRDA:169,22,1,90
BRDA:177,23,0,5
BRDA:177,23,1,13
BRDA:179,24,0,8
BRDA:179,24,1,5
BRDA:201,25,0,32
BRDA:201,25,1,0
BRDA:204,26,0,32
BRDA:204,26,1,22
BRDA:205,27,0,32
BRDA:205,27,1,0
BRDA:206,28,0,32
BRDA:206,28,1,4
BRDA:207,29,0,32
BRDA:207,29,1,3
BRDA:208,30,0,32
BRDA:208,30,1,3
BRDA:216,31,0,5
BRDA:216,31,1,4
BRDA:229,32,0,4
BRDA:229,32,1,4
BRF:66
BRH:50
end_of_record
TN:
SF:src\pages\Agendamento.jsx
FNF:0
FNH:0
LF:0
LH:0
BRF:0
BRH:0
end_of_record
TN:
SF:src\pages\AgendamentoPage.jsx
FN:30,(anonymous_0)
FN:38,(anonymous_1)
FN:62,(anonymous_2)
FN:68,(anonymous_3)
FN:69,(anonymous_4)
FN:79,(anonymous_5)
FN:82,(anonymous_6)
FN:83,(anonymous_7)
FN:85,(anonymous_8)
FN:92,(anonymous_9)
FN:93,(anonymous_10)
FN:110,(anonymous_11)
FN:125,(anonymous_12)
FN:151,(anonymous_13)
FN:155,(anonymous_14)
FN:167,(anonymous_15)
FN:169,(anonymous_16)
FN:172,(anonymous_17)
FN:175,(anonymous_18)
FN:179,(anonymous_19)
FN:195,(anonymous_20)
FN:195,(anonymous_21)
FN:199,(anonymous_22)
FN:200,(anonymous_23)
FN:203,(anonymous_24)
FN:208,(anonymous_25)
FN:213,(anonymous_26)
FN:218,(anonymous_27)
FN:219,(anonymous_28)
FN:243,(anonymous_29)
FN:249,(anonymous_30)
FN:261,(anonymous_31)
FN:270,(anonymous_32)
FN:271,(anonymous_33)
FN:281,(anonymous_34)
FN:289,(anonymous_35)
FN:290,(anonymous_36)
FN:315,(anonymous_37)
FN:316,(anonymous_38)
FN:317,(anonymous_39)
FN:319,(anonymous_40)
FN:325,(anonymous_41)
FN:341,(anonymous_42)
FN:358,(anonymous_43)
FN:358,(anonymous_44)
FN:376,(anonymous_45)
FN:382,(anonymous_46)
FN:403,(anonymous_47)
FN:428,(anonymous_48)
FN:447,(anonymous_49)
FN:489,(anonymous_50)
FN:494,(anonymous_51)
FN:499,(anonymous_52)
FN:507,(anonymous_53)
FN:533,(anonymous_54)
FN:555,(anonymous_55)
FN:589,(anonymous_56)
FN:593,(anonymous_57)
FN:599,(anonymous_58)
FN:620,(anonymous_59)
FN:623,(anonymous_60)
FN:632,(anonymous_61)
FN:642,(anonymous_62)
FN:661,(anonymous_63)
FN:706,(anonymous_64)
FN:711,(anonymous_65)
FN:731,(anonymous_66)
FN:742,(anonymous_67)
FN:772,(anonymous_68)
FN:784,(anonymous_69)
FN:788,(anonymous_70)
FN:788,(anonymous_71)
FN:803,(anonymous_72)
FN:815,(anonymous_73)
FN:819,(anonymous_74)
FN:819,(anonymous_75)
FN:856,(anonymous_76)
FN:880,(anonymous_77)
FN:904,(anonymous_78)
FN:913,(anonymous_79)
FNF:80
FNH:17
FNDA:3,(anonymous_0)
FNDA:3,(anonymous_1)
FNDA:0,(anonymous_2)
FNDA:1,(anonymous_3)
FNDA:1,(anonymous_4)
FNDA:0,(anonymous_5)
FNDA:0,(anonymous_6)
FNDA:0,(anonymous_7)
FNDA:3,(anonymous_8)
FNDA:1,(anonymous_9)
FNDA:1,(anonymous_10)
FNDA:0,(anonymous_11)
FNDA:0,(anonymous_12)
FNDA:0,(anonymous_13)
FNDA:0,(anonymous_14)
FNDA:0,(anonymous_15)
FNDA:2,(anonymous_16)
FNDA:0,(anonymous_17)
FNDA:2,(anonymous_18)
FNDA:0,(anonymous_19)
FNDA:2,(anonymous_20)
FNDA:0,(anonymous_21)
FNDA:0,(anonymous_22)
FNDA:0,(anonymous_23)
FNDA:0,(anonymous_24)
FNDA:0,(anonymous_25)
FNDA:0,(anonymous_26)
FNDA:1,(anonymous_27)
FNDA:1,(anonymous_28)
FNDA:0,(anonymous_29)
FNDA:0,(anonymous_30)
FNDA:1,(anonymous_31)
FNDA:0,(anonymous_32)
FNDA:0,(anonymous_33)
FNDA:3,(anonymous_34)
FNDA:1,(anonymous_35)
FNDA:1,(anonymous_36)
FNDA:0,(anonymous_37)
FNDA:0,(anonymous_38)
FNDA:0,(anonymous_39)
FNDA:0,(anonymous_40)
FNDA:0,(anonymous_41)
FNDA:0,(anonymous_42)
FNDA:0,(anonymous_43)
FNDA:0,(anonymous_44)
FNDA:0,(anonymous_45)
FNDA:0,(anonymous_46)
FNDA:0,(anonymous_47)
FNDA:0,(anonymous_48)
FNDA:0,(anonymous_49)
FNDA:0,(anonymous_50)
FNDA:0,(anonymous_51)
FNDA:0,(anonymous_52)
FNDA:0,(anonymous_53)
FNDA:0,(anonymous_54)
FNDA:0,(anonymous_55)
FNDA:1,(anonymous_56)
FNDA:0,(anonymous_57)
FNDA:0,(anonymous_58)
FNDA:0,(anonymous_59)
FNDA:0,(anonymous_60)
FNDA:0,(anonymous_61)
FNDA:0,(anonymous_62)
FNDA:0,(anonymous_63)
FNDA:0,(anonymous_64)
FNDA:0,(anonymous_65)
FNDA:0,(anonymous_66)
FNDA:0,(anonymous_67)
FNDA:0,(anonymous_68)
FNDA:0,(anonymous_69)
FNDA:0,(anonymous_70)
FNDA:0,(anonymous_71)
FNDA:0,(anonymous_72)
FNDA:0,(anonymous_73)
FNDA:0,(anonymous_74)
FNDA:0,(anonymous_75)
FNDA:0,(anonymous_76)
FNDA:0,(anonymous_77)
FNDA:0,(anonymous_78)
FNDA:0,(anonymous_79)
DA:30,1
DA:31,3
DA:32,3
DA:34,3
DA:35,3
DA:36,3
DA:38,3
DA:39,3
DA:40,3
DA:41,3
DA:42,3
DA:45,3
DA:46,3
DA:47,3
DA:48,3
DA:49,3
DA:50,3
DA:52,3
DA:53,3
DA:54,3
DA:55,3
DA:56,3
DA:57,3
DA:58,3
DA:59,3
DA:60,3
DA:62,3
DA:63,3
DA:64,3
DA:66,3
DA:68,3
DA:69,3
DA:70,1
DA:72,0
DA:73,0
DA:76,0
DA:77,0
DA:78,0
DA:79,0
DA:82,3
DA:83,3
DA:85,3
DA:86,3
DA:92,3
DA:93,1
DA:94,1
DA:96,1
DA:97,1
DA:98,1
DA:99,1
DA:100,1
DA:101,1
DA:104,0
DA:107,0
DA:109,0
DA:110,0
DA:116,0
DA:123,0
DA:125,0
DA:126,0
DA:127,0
DA:128,0
DA:130,0
DA:131,0
DA:134,0
DA:135,0
DA:136,0
DA:138,0
DA:139,0
DA:140,0
DA:142,0
DA:146,1
DA:151,0
DA:155,3
DA:156,0
DA:157,0
DA:158,0
DA:166,3
DA:167,3
DA:169,3
DA:170,2
DA:171,0
DA:172,0
DA:175,3
DA:176,2
DA:177,2
DA:179,2
DA:180,0
DA:181,0
DA:183,0
DA:184,0
DA:186,0
DA:190,2
DA:194,3
DA:195,2
DA:199,3
DA:200,0
DA:203,3
DA:204,0
DA:205,0
DA:208,0
DA:213,3
DA:214,0
DA:215,0
DA:218,3
DA:219,1
DA:220,1
DA:222,0
DA:223,0
DA:227,0
DA:230,0
DA:232,0
DA:233,0
DA:235,0
DA:236,0
DA:238,1
DA:243,1
DA:248,0
DA:249,0
DA:254,0
DA:258,1
DA:261,3
DA:262,1
DA:265,0
DA:266,0
DA:267,1
DA:268,1
DA:270,0
DA:271,0
DA:272,0
DA:273,0
DA:276,0
DA:281,3
DA:282,3
DA:283,3
DA:284,1
DA:285,1
DA:289,3
DA:290,1
DA:291,1
DA:292,1
DA:298,1
DA:299,1
DA:300,1
DA:302,1
DA:303,0
DA:306,0
DA:307,0
DA:311,1
DA:315,3
DA:316,0
DA:317,0
DA:318,0
DA:319,0
DA:323,0
DA:324,0
DA:325,0
DA:326,0
DA:328,0
DA:329,0
DA:333,0
DA:335,0
DA:336,0
DA:339,3
DA:341,3
DA:342,0
DA:343,0
DA:344,0
DA:347,0
DA:348,0
DA:349,0
DA:356,0
DA:358,0
DA:359,0
DA:360,0
DA:362,0
DA:363,0
DA:364,0
DA:368,0
DA:370,0
DA:373,0
DA:376,3
DA:377,0
DA:378,0
DA:379,0
DA:382,3
DA:383,0
DA:384,0
DA:385,0
DA:387,0
DA:388,0
DA:389,0
DA:392,0
DA:393,0
DA:395,0
DA:396,0
DA:397,0
DA:400,0
DA:403,0
DA:407,0
DA:408,0
DA:409,0
DA:410,0
DA:411,0
DA:413,0
DA:414,0
DA:417,0
DA:418,0
DA:420,0
DA:423,0
DA:428,3
DA:429,0
DA:430,0
DA:431,0
DA:433,0
DA:434,0
DA:436,0
DA:437,0
DA:439,0
DA:440,0
DA:441,0
DA:444,0
DA:447,0
DA:452,0
DA:453,0
DA:454,0
DA:456,0
DA:457,0
DA:458,0
DA:459,0
DA:462,0
DA:467,0
DA:468,0
DA:469,0
DA:471,0
DA:472,0
DA:475,0
DA:476,0
DA:479,0
DA:480,0
DA:482,0
DA:485,0
DA:489,3
DA:490,0
DA:491,0
DA:492,0
DA:493,0
DA:494,0
DA:495,0
DA:496,0
DA:499,3
DA:500,0
DA:501,0
DA:502,0
DA:503,0
DA:504,0
DA:505,0
DA:506,0
DA:507,0
DA:508,0
DA:510,0
DA:512,0
DA:516,3
DA:533,0
DA:555,0
DA:590,1
DA:593,0
DA:599,0
DA:622,0
DA:623,0
DA:624,0
DA:627,0
DA:630,0
DA:632,0
DA:635,0
DA:636,0
DA:638,0
DA:643,0
DA:644,0
DA:645,0
DA:646,0
DA:647,0
DA:648,0
DA:649,0
DA:651,0
DA:652,0
DA:653,0
DA:661,0
DA:707,0
DA:712,0
DA:713,0
DA:714,0
DA:715,0
DA:717,0
DA:718,0
DA:731,0
DA:742,0
DA:772,0
DA:785,0
DA:788,0
DA:803,0
DA:816,0
DA:819,0
DA:856,0
DA:881,0
DA:904,0
DA:913,0
LF:307
LH:96
BRDA:42,0,0,3
BRDA:42,0,1,0
BRDA:42,0,2,0
BRDA:42,0,3,0
BRDA:70,1,0,1
BRDA:70,1,1,0
BRDA:72,2,0,0
BRDA:72,2,1,0
BRDA:77,3,0,0
BRDA:77,3,1,0
BRDA:79,4,0,0
BRDA:79,4,1,0
BRDA:96,5,0,1
BRDA:96,5,1,0
BRDA:96,6,0,1
BRDA:96,6,1,0
BRDA:96,6,2,0
BRDA:126,7,0,0
BRDA:126,7,1,0
BRDA:128,8,0,0
BRDA:128,8,1,0
BRDA:130,9,0,0
BRDA:130,9,1,0
BRDA:135,10,0,0
BRDA:135,10,1,0
BRDA:156,11,0,0
BRDA:156,11,1,0
BRDA:157,12,0,0
BRDA:157,12,1,0
BRDA:166,13,0,0
BRDA:166,13,1,3
BRDA:170,14,0,2
BRDA:170,14,1,0
BRDA:172,15,0,0
BRDA:172,15,1,0
BRDA:181,16,0,0
BRDA:181,16,1,0
BRDA:183,17,0,0
BRDA:183,17,1,0
BRDA:204,18,0,0
BRDA:204,18,1,0
BRDA:220,19,0,1
BRDA:220,19,1,0
BRDA:222,20,0,0
BRDA:222,20,1,0
BRDA:230,21,0,0
BRDA:230,21,1,0
BRDA:236,22,0,0
BRDA:236,22,1,0
BRDA:262,23,0,1
BRDA:262,23,1,0
BRDA:266,24,0,0
BRDA:266,24,1,0
BRDA:267,25,0,1
BRDA:267,25,1,0
BRDA:268,26,0,0
BRDA:268,26,1,1
BRDA:268,27,0,1
BRDA:268,27,1,0
BRDA:272,28,0,0
BRDA:272,28,1,0
BRDA:283,29,0,1
BRDA:283,29,1,2
BRDA:302,30,0,0
BRDA:302,30,1,1
BRDA:302,31,0,1
BRDA:302,31,1,1
BRDA:311,32,0,1
BRDA:311,32,1,0
BRDA:318,33,0,0
BRDA:318,33,1,0
BRDA:323,34,0,0
BRDA:323,34,1,0
BRDA:325,35,0,0
BRDA:325,35,1,0
BRDA:326,36,0,0
BRDA:326,36,1,0
BRDA:326,37,0,0
BRDA:326,37,1,0
BRDA:342,38,0,0
BRDA:342,38,1,0
BRDA:342,39,0,0
BRDA:342,39,1,0
BRDA:342,39,2,0
BRDA:342,39,3,0
BRDA:356,40,0,0
BRDA:356,40,1,0
BRDA:359,41,0,0
BRDA:359,41,1,0
BRDA:377,42,0,0
BRDA:377,42,1,0
BRDA:388,43,0,0
BRDA:388,43,1,0
BRDA:395,44,0,0
BRDA:395,44,1,0
BRDA:395,45,0,0
BRDA:395,45,1,0
BRDA:413,46,0,0
BRDA:413,46,1,0
BRDA:417,47,0,0
BRDA:417,47,1,0
BRDA:417,48,0,0
BRDA:417,48,1,0
BRDA:418,49,0,0
BRDA:418,49,1,0
BRDA:434,50,0,0
BRDA:434,50,1,0
BRDA:439,51,0,0
BRDA:439,51,1,0
BRDA:439,52,0,0
BRDA:439,52,1,0
BRDA:456,53,0,0
BRDA:456,53,1,0
BRDA:468,54,0,0
BRDA:468,54,1,0
BRDA:475,55,0,0
BRDA:475,55,1,0
BRDA:479,56,0,0
BRDA:479,56,1,0
BRDA:480,57,0,0
BRDA:480,57,1,0
BRDA:492,58,0,0
BRDA:492,58,1,0
BRDA:504,59,0,0
BRDA:504,59,1,0
BRDA:506,60,0,0
BRDA:506,60,1,0
BRDA:507,61,0,0
BRDA:507,61,1,0
BRDA:522,62,0,3
BRDA:522,62,1,1
BRDA:524,63,0,0
BRDA:524,63,1,1
BRDA:529,64,0,1
BRDA:529,64,1,0
BRDA:536,65,0,0
BRDA:536,65,1,0
BRDA:550,66,0,3
BRDA:550,66,1,0
BRDA:550,66,2,0
BRDA:565,67,0,3
BRDA:565,67,1,0
BRDA:565,67,2,0
BRDA:576,68,0,3
BRDA:576,68,1,0
BRDA:584,69,0,3
BRDA:584,69,1,0
BRDA:584,69,2,0
BRDA:588,70,0,1
BRDA:588,70,1,2
BRDA:588,71,0,3
BRDA:588,71,1,3
BRDA:595,72,0,1
BRDA:595,72,1,0
BRDA:595,72,2,0
BRDA:608,73,0,3
BRDA:608,73,1,0
BRDA:611,74,0,0
BRDA:611,74,1,0
BRDA:613,75,0,0
BRDA:613,75,1,0
BRDA:622,76,0,0
BRDA:622,76,1,0
BRDA:622,76,2,0
BRDA:623,77,0,0
BRDA:623,77,1,0
BRDA:623,78,0,0
BRDA:623,78,1,0
BRDA:627,79,0,0
BRDA:627,79,1,0
BRDA:630,80,0,0
BRDA:630,80,1,0
BRDA:630,80,2,0
BRDA:635,81,0,0
BRDA:635,81,1,0
BRDA:635,81,2,0
BRDA:635,81,3,0
BRDA:641,82,0,0
BRDA:641,82,1,0
BRDA:641,83,0,0
BRDA:641,83,1,0
BRDA:643,84,0,0
BRDA:643,84,1,0
BRDA:644,85,0,0
BRDA:644,85,1,0
BRDA:655,86,0,0
BRDA:655,86,1,0
BRDA:658,87,0,0
BRDA:658,87,1,0
BRDA:661,88,0,0
BRDA:661,88,1,0
BRDA:668,89,0,0
BRDA:668,89,1,0
BRDA:682,90,0,3
BRDA:682,90,1,0
BRDA:682,90,2,0
BRDA:689,91,0,0
BRDA:689,91,1,0
BRDA:701,92,0,0
BRDA:701,92,1,0
BRDA:701,93,0,0
BRDA:701,93,1,0
BRDA:702,94,0,0
BRDA:702,94,1,0
BRDA:704,95,0,0
BRDA:704,95,1,0
BRDA:710,96,0,0
BRDA:710,96,1,0
BRDA:710,97,0,0
BRDA:710,97,1,0
BRDA:712,98,0,0
BRDA:712,98,1,0
BRDA:712,99,0,0
BRDA:712,99,1,0
BRDA:718,100,0,0
BRDA:718,100,1,0
BRDA:726,101,0,0
BRDA:726,101,1,0
BRDA:743,102,0,0
BRDA:743,102,1,0
BRDA:761,103,0,3
BRDA:761,103,1,0
BRDA:761,103,2,0
BRDA:761,103,3,0
BRDA:764,104,0,0
BRDA:764,104,1,0
BRDA:764,105,0,0
BRDA:764,105,1,0
BRDA:764,105,2,0
BRDA:765,106,0,0
BRDA:765,106,1,0
BRDA:767,107,0,0
BRDA:767,107,1,0
BRDA:778,108,0,0
BRDA:778,108,1,0
BRDA:782,109,0,0
BRDA:782,109,1,0
BRDA:787,110,0,0
BRDA:787,110,1,0
BRDA:788,111,0,0
BRDA:788,111,1,0
BRDA:798,112,0,0
BRDA:798,112,1,0
BRDA:809,113,0,0
BRDA:809,113,1,0
BRDA:813,114,0,0
BRDA:813,114,1,0
BRDA:818,115,0,0
BRDA:818,115,1,0
BRDA:819,116,0,0
BRDA:819,116,1,0
BRDA:847,117,0,3
BRDA:847,117,1,0
BRDA:847,117,2,0
BRDA:847,117,3,0
BRDA:847,117,4,0
BRDA:849,118,0,0
BRDA:849,118,1,3
BRDA:854,119,0,3
BRDA:854,119,1,0
BRDA:863,120,0,0
BRDA:863,120,1,0
BRDA:896,121,0,0
BRDA:896,121,1,0
BRDA:945,122,0,0
BRDA:945,122,1,0
BRF:266
BRH:36
end_of_record
TN:
SF:src\pages\BarberBlockPage.jsx
FN:14,(anonymous_0)
FN:19,(anonymous_1)
FN:24,(anonymous_2)
FN:30,(anonymous_3)
FN:32,(anonymous_4)
FN:34,(anonymous_5)
FN:46,BarberBlockPage
FN:48,(anonymous_7)
FN:69,(anonymous_8)
FN:74,(anonymous_9)
FN:81,(anonymous_10)
FN:96,(anonymous_11)
FN:109,(anonymous_12)
FN:115,(anonymous_13)
FN:119,(anonymous_14)
FN:122,(anonymous_15)
FN:126,(anonymous_16)
FN:134,(anonymous_17)
FN:163,(anonymous_18)
FN:199,(anonymous_19)
FN:246,(anonymous_20)
FN:258,(anonymous_21)
FN:269,(anonymous_22)
FN:280,(anonymous_23)
FN:305,(anonymous_24)
FN:312,(anonymous_25)
FN:326,(anonymous_26)
FN:339,(anonymous_27)
FN:350,(anonymous_28)
FN:376,(anonymous_29)
FN:385,(anonymous_30)
FN:394,(anonymous_31)
FNF:32
FNH:21
FNDA:4,(anonymous_0)
FNDA:2,(anonymous_1)
FNDA:11,(anonymous_2)
FNDA:18,(anonymous_3)
FNDA:2,(anonymous_4)
FNDA:1,(anonymous_5)
FNDA:14,BarberBlockPage
FNDA:3,(anonymous_7)
FNDA:0,(anonymous_8)
FNDA:0,(anonymous_9)
FNDA:8,(anonymous_10)
FNDA:3,(anonymous_11)
FNDA:2,(anonymous_12)
FNDA:0,(anonymous_13)
FNDA:2,(anonymous_14)
FNDA:5,(anonymous_15)
FNDA:2,(anonymous_16)
FNDA:2,(anonymous_17)
FNDA:1,(anonymous_18)
FNDA:1,(anonymous_19)
FNDA:0,(anonymous_20)
FNDA:0,(anonymous_21)
FNDA:1,(anonymous_22)
FNDA:1,(anonymous_23)
FNDA:0,(anonymous_24)
FNDA:0,(anonymous_25)
FNDA:0,(anonymous_26)
FNDA:0,(anonymous_27)
FNDA:0,(anonymous_28)
FNDA:0,(anonymous_29)
FNDA:9,(anonymous_30)
FNDA:1,(anonymous_31)
DA:14,1
DA:15,4
DA:16,4
DA:19,1
DA:20,2
DA:21,2
DA:24,1
DA:25,11
DA:26,11
DA:27,11
DA:30,18
DA:32,2
DA:34,1
DA:35,1
DA:36,1
DA:37,1
DA:39,1
DA:40,1
DA:43,1
DA:47,14
DA:48,14
DA:50,14
DA:51,14
DA:52,14
DA:53,14
DA:54,14
DA:56,14
DA:57,14
DA:58,14
DA:59,14
DA:60,14
DA:61,14
DA:62,14
DA:63,14
DA:64,14
DA:66,14
DA:67,14
DA:69,14
DA:70,0
DA:71,0
DA:74,14
DA:75,0
DA:81,14
DA:82,8
DA:84,5
DA:85,5
DA:86,5
DA:87,5
DA:89,0
DA:90,0
DA:92,5
DA:96,14
DA:97,3
DA:98,1
DA:99,1
DA:102,2
DA:103,2
DA:104,0
DA:105,0
DA:108,2
DA:110,2
DA:111,2
DA:112,2
DA:113,2
DA:116,0
DA:117,0
DA:119,2
DA:122,14
DA:123,5
DA:126,14
DA:127,2
DA:134,14
DA:135,2
DA:137,2
DA:138,0
DA:139,0
DA:142,2
DA:143,1
DA:144,1
DA:147,1
DA:148,1
DA:149,1
DA:153,1
DA:154,1
DA:155,1
DA:157,0
DA:159,1
DA:163,14
DA:164,1
DA:166,1
DA:167,0
DA:168,0
DA:171,1
DA:172,1
DA:174,1
DA:175,0
DA:176,0
DA:179,1
DA:181,1
DA:182,1
DA:183,1
DA:184,1
DA:189,1
DA:190,1
DA:191,1
DA:193,0
DA:195,1
DA:199,14
DA:200,1
DA:201,1
DA:202,1
DA:203,1
DA:205,0
DA:209,14
DA:210,3
DA:213,11
DA:246,0
DA:258,0
DA:269,1
DA:280,1
DA:305,0
DA:312,0
DA:326,0
DA:339,0
DA:350,0
DA:376,0
DA:386,9
DA:394,1
LF:128
LH:102
BRDA:14,0,0,4
BRDA:25,1,0,0
BRDA:25,1,1,11
BRDA:30,2,0,18
BRDA:30,2,1,0
BRDA:67,3,0,14
BRDA:67,3,1,3
BRDA:81,4,0,8
BRDA:82,5,0,3
BRDA:82,5,1,5
BRDA:82,6,0,8
BRDA:82,6,1,5
BRDA:87,7,0,5
BRDA:87,7,1,0
BRDA:97,8,0,1
BRDA:97,8,1,2
BRDA:103,9,0,0
BRDA:103,9,1,2
BRDA:112,10,0,0
BRDA:112,10,1,2
BRDA:113,11,0,2
BRDA:113,11,1,0
BRDA:137,12,0,0
BRDA:137,12,1,2
BRDA:142,13,0,1
BRDA:142,13,1,1
BRDA:166,14,0,0
BRDA:166,14,1,1
BRDA:171,15,0,1
BRDA:171,15,1,0
BRDA:172,16,0,1
BRDA:172,16,1,0
BRDA:174,17,0,0
BRDA:174,17,1,1
BRDA:190,18,0,1
BRDA:190,18,1,0
BRDA:209,19,0,3
BRDA:209,19,1,11
BRDA:286,20,0,2
BRDA:286,20,1,9
BRDA:304,21,0,11
BRDA:304,21,1,0
BRDA:311,22,0,0
BRDA:311,22,1,11
BRDA:318,23,0,11
BRDA:318,23,1,0
BRDA:358,24,0,2
BRDA:358,24,1,9
BRDA:381,25,0,0
BRDA:381,25,1,11
BRDA:383,26,0,9
BRDA:383,26,1,2
BRDA:389,27,0,9
BRDA:389,27,1,0
BRF:54
BRH:37
end_of_record
TN:
SF:src\pages\BarberDashboardPage.jsx
FN:30,BarberDashboardPage
FN:81,(anonymous_1)
FN:84,(anonymous_2)
FN:85,(anonymous_3)
FN:90,(anonymous_4)
FN:121,(anonymous_5)
FN:123,(anonymous_6)
FN:124,(anonymous_7)
FN:126,(anonymous_8)
FN:139,(anonymous_9)
FN:152,(anonymous_10)
FN:158,(anonymous_11)
FN:167,(anonymous_12)
FN:168,(anonymous_13)
FN:183,(anonymous_14)
FN:261,(anonymous_15)
FN:267,(anonymous_16)
FN:270,(anonymous_17)
FN:277,(anonymous_18)
FN:283,(anonymous_19)
FN:298,(anonymous_20)
FN:306,(anonymous_21)
FN:307,(anonymous_22)
FN:317,(anonymous_23)
FN:317,(anonymous_24)
FN:327,(anonymous_25)
FN:327,(anonymous_26)
FN:337,(anonymous_27)
FN:337,(anonymous_28)
FN:339,(anonymous_29)
FN:348,(anonymous_30)
FN:348,(anonymous_31)
FN:360,(anonymous_32)
FN:360,(anonymous_33)
FN:369,(anonymous_34)
FN:369,(anonymous_35)
FN:371,(anonymous_36)
FN:380,(anonymous_37)
FN:380,(anonymous_38)
FN:382,(anonymous_39)
FN:392,(anonymous_40)
FN:413,(anonymous_41)
FNF:42
FNH:27
FNDA:19,BarberDashboardPage
FNDA:4,(anonymous_1)
FNDA:2,(anonymous_2)
FNDA:1,(anonymous_3)
FNDA:7,(anonymous_4)
FNDA:6,(anonymous_5)
FNDA:1,(anonymous_6)
FNDA:2,(anonymous_7)
FNDA:1,(anonymous_8)
FNDA:1,(anonymous_9)
FNDA:1,(anonymous_10)
FNDA:0,(anonymous_11)
FNDA:60,(anonymous_12)
FNDA:12,(anonymous_13)
FNDA:1,(anonymous_14)
FNDA:0,(anonymous_15)
FNDA:0,(anonymous_16)
FNDA:180,(anonymous_17)
FNDA:0,(anonymous_18)
FNDA:1,(anonymous_19)
FNDA:0,(anonymous_20)
FNDA:0,(anonymous_21)
FNDA:2,(anonymous_22)
FNDA:0,(anonymous_23)
FNDA:0,(anonymous_24)
FNDA:1,(anonymous_25)
FNDA:1,(anonymous_26)
FNDA:0,(anonymous_27)
FNDA:0,(anonymous_28)
FNDA:60,(anonymous_29)
FNDA:1,(anonymous_30)
FNDA:1,(anonymous_31)
FNDA:1,(anonymous_32)
FNDA:1,(anonymous_33)
FNDA:0,(anonymous_34)
FNDA:0,(anonymous_35)
FNDA:60,(anonymous_36)
FNDA:0,(anonymous_37)
FNDA:0,(anonymous_38)
FNDA:20,(anonymous_39)
FNDA:0,(anonymous_40)
FNDA:1,(anonymous_41)
DA:31,19
DA:32,19
DA:33,19
DA:34,19
DA:36,19
DA:37,19
DA:38,19
DA:39,19
DA:40,19
DA:41,19
DA:42,19
DA:43,19
DA:46,19
DA:47,19
DA:55,19
DA:56,19
DA:57,19
DA:59,19
DA:74,19
DA:81,19
DA:82,4
DA:83,3
DA:84,2
DA:85,1
DA:88,19
DA:90,19
DA:91,7
DA:92,3
DA:93,3
DA:94,3
DA:95,3
DA:96,7
DA:97,7
DA:101,7
DA:111,3
DA:112,3
DA:113,3
DA:114,3
DA:115,3
DA:116,3
DA:117,3
DA:118,3
DA:121,19
DA:123,19
DA:124,19
DA:126,19
DA:127,1
DA:128,1
DA:129,1
DA:130,1
DA:131,1
DA:139,1
DA:140,1
DA:141,1
DA:142,1
DA:143,1
DA:144,1
DA:148,1
DA:152,19
DA:153,1
DA:154,1
DA:155,1
DA:158,19
DA:159,0
DA:160,0
DA:161,0
DA:162,0
DA:165,19
DA:167,60
DA:168,15
DA:169,15
DA:170,19
DA:171,19
DA:173,19
DA:183,1
DA:261,0
DA:267,0
DA:271,180
DA:277,0
DA:283,1
DA:298,0
DA:306,0
DA:307,2
DA:317,0
DA:327,1
DA:337,0
DA:340,60
DA:348,1
DA:360,1
DA:369,0
DA:372,60
DA:380,0
DA:383,20
DA:392,0
DA:413,1
LF:95
LH:81
BRDA:82,0,0,1
BRDA:82,0,1,3
BRDA:91,1,0,4
BRDA:91,1,1,3
BRDA:95,2,0,3
BRDA:95,2,1,3
BRDA:96,3,0,3
BRDA:96,3,1,0
BRDA:111,4,0,3
BRDA:111,4,1,0
BRDA:112,5,0,3
BRDA:112,5,1,0
BRDA:113,6,0,3
BRDA:113,6,1,0
BRDA:114,7,0,3
BRDA:114,7,1,0
BRDA:115,8,0,3
BRDA:115,8,1,0
BRDA:116,9,0,3
BRDA:116,9,1,0
BRDA:117,10,0,3
BRDA:117,10,1,0
BRDA:118,11,0,3
BRDA:118,11,1,0
BRDA:128,12,0,0
BRDA:128,12,1,1
BRDA:128,13,0,1
BRDA:128,13,1,1
BRDA:133,14,0,1
BRDA:133,14,1,0
BRDA:165,15,0,4
BRDA:165,15,1,15
BRDA:167,16,0,60
BRDA:167,16,1,12
BRDA:168,17,0,12
BRDA:168,17,1,0
BRDA:169,18,0,15
BRDA:169,18,1,3
BRDA:170,19,0,19
BRDA:170,19,1,3
BRDA:305,20,0,19
BRDA:305,20,1,5
BRDA:312,21,0,3
BRDA:312,21,1,2
BRDA:322,22,0,2
BRDA:322,22,1,3
BRDA:366,23,0,3
BRDA:366,23,1,2
BRDA:377,24,0,3
BRDA:377,24,1,2
BRDA:401,25,0,1
BRDA:401,25,1,4
BRDA:409,26,0,19
BRDA:409,26,1,1
BRDA:411,27,0,1
BRDA:411,27,1,0
BRF:56
BRH:43
end_of_record
TN:
SF:src\pages\BarberHomePage.jsx
FN:19,BarberHomePage
FN:32,(anonymous_1)
FN:47,(anonymous_2)
FN:53,(anonymous_3)
FN:67,(anonymous_4)
FN:76,(anonymous_5)
FN:82,(anonymous_6)
FN:90,(anonymous_7)
FN:91,(anonymous_8)
FN:93,(anonymous_9)
FN:97,(anonymous_10)
FN:101,(anonymous_11)
FN:142,(anonymous_12)
FN:146,(anonymous_13)
FN:152,(anonymous_14)
FN:159,(anonymous_15)
FN:163,(anonymous_16)
FN:196,(anonymous_17)
FNF:18
FNH:18
FNDA:10,BarberHomePage
FNDA:4,(anonymous_1)
FNDA:4,(anonymous_2)
FNDA:2,(anonymous_3)
FNDA:1,(anonymous_4)
FNDA:4,(anonymous_5)
FNDA:1,(anonymous_6)
FNDA:1,(anonymous_7)
FNDA:1,(anonymous_8)
FNDA:2,(anonymous_9)
FNDA:1,(anonymous_10)
FNDA:1,(anonymous_11)
FNDA:1,(anonymous_12)
FNDA:1,(anonymous_13)
FNDA:1,(anonymous_14)
FNDA:1,(anonymous_15)
FNDA:1,(anonymous_16)
FNDA:2,(anonymous_17)
DA:20,10
DA:21,10
DA:22,10
DA:23,10
DA:24,10
DA:25,10
DA:26,10
DA:30,10
DA:32,10
DA:33,4
DA:34,4
DA:35,4
DA:36,4
DA:37,1
DA:38,3
DA:39,1
DA:40,1
DA:42,0
DA:47,10
DA:48,4
DA:49,1
DA:52,3
DA:54,2
DA:56,2
DA:57,2
DA:59,2
DA:60,1
DA:62,2
DA:63,1
DA:65,2
DA:68,1
DA:69,1
DA:70,1
DA:71,1
DA:76,10
DA:77,4
DA:78,1
DA:82,10
DA:83,1
DA:84,1
DA:90,10
DA:91,10
DA:93,10
DA:94,2
DA:97,10
DA:98,1
DA:101,10
DA:102,1
DA:103,1
DA:106,10
DA:108,6
DA:109,10
DA:111,10
DA:143,1
DA:144,1
DA:146,1
DA:152,1
DA:159,1
DA:163,1
DA:196,2
LF:60
LH:59
BRDA:23,0,0,10
BRDA:23,0,1,8
BRDA:36,1,0,1
BRDA:36,1,1,3
BRDA:38,2,0,1
BRDA:38,2,1,2
BRDA:39,3,0,1
BRDA:39,3,1,0
BRDA:48,4,0,1
BRDA:48,4,1,3
BRDA:56,5,0,2
BRDA:56,5,1,0
BRDA:56,6,0,2
BRDA:56,6,1,2
BRDA:59,7,0,1
BRDA:59,7,1,1
BRDA:62,8,0,1
BRDA:62,8,1,1
BRDA:70,9,0,1
BRDA:70,9,1,0
BRDA:77,10,0,1
BRDA:77,10,1,3
BRDA:83,11,0,1
BRDA:83,11,1,0
BRDA:106,12,0,4
BRDA:106,12,1,6
BRDA:109,13,0,10
BRDA:109,13,1,1
BRDA:119,14,0,10
BRDA:119,14,1,2
BRDA:123,15,0,2
BRDA:123,15,1,4
BRDA:143,16,0,1
BRDA:143,16,1,0
BRDA:144,17,0,1
BRDA:144,17,1,0
BRDA:190,18,0,10
BRDA:190,18,1,2
BRDA:194,19,0,10
BRDA:194,19,1,2
BRF:40
BRH:34
end_of_record
TN:
SF:src\pages\BarberManualBookingPage.jsx
FN:33,BarberManualBookingPage
FN:63,(anonymous_1)
FN:69,(anonymous_2)
FN:73,(anonymous_3)
FN:79,(anonymous_4)
FN:82,(anonymous_5)
FN:85,(anonymous_6)
FN:86,(anonymous_7)
FN:90,(anonymous_8)
FN:91,(anonymous_9)
FN:92,(anonymous_10)
FN:93,(anonymous_11)
FN:98,(anonymous_12)
FN:106,(anonymous_13)
FN:110,(anonymous_14)
FN:124,(anonymous_15)
FN:146,(anonymous_16)
FN:149,(anonymous_17)
FN:152,(anonymous_18)
FN:154,(anonymous_19)
FN:161,(anonymous_20)
FN:168,(anonymous_21)
FN:170,(anonymous_22)
FN:177,(anonymous_23)
FN:178,(anonymous_24)
FN:179,(anonymous_25)
FN:183,(anonymous_26)
FN:195,(anonymous_27)
FN:248,(anonymous_28)
FN:296,(anonymous_29)
FN:305,(anonymous_30)
FN:322,(anonymous_31)
FN:326,(anonymous_32)
FN:373,(anonymous_33)
FN:383,(anonymous_34)
FN:393,(anonymous_35)
FN:410,(anonymous_36)
FN:416,(anonymous_37)
FN:416,(anonymous_38)
FN:426,(anonymous_39)
FN:431,(anonymous_40)
FN:431,(anonymous_41)
FNF:42
FNH:36
FNDA:41,BarberManualBookingPage
FNDA:4,(anonymous_1)
FNDA:4,(anonymous_2)
FNDA:4,(anonymous_3)
FNDA:4,(anonymous_4)
FNDA:12,(anonymous_5)
FNDA:0,(anonymous_6)
FNDA:4,(anonymous_7)
FNDA:13,(anonymous_8)
FNDA:18,(anonymous_9)
FNDA:4,(anonymous_10)
FNDA:4,(anonymous_11)
FNDA:12,(anonymous_12)
FNDA:4,(anonymous_13)
FNDA:8,(anonymous_14)
FNDA:3,(anonymous_15)
FNDA:16,(anonymous_16)
FNDA:3,(anonymous_17)
FNDA:16,(anonymous_18)
FNDA:5,(anonymous_19)
FNDA:7,(anonymous_20)
FNDA:1,(anonymous_21)
FNDA:1,(anonymous_22)
FNDA:4,(anonymous_23)
FNDA:4,(anonymous_24)
FNDA:0,(anonymous_25)
FNDA:0,(anonymous_26)
FNDA:6,(anonymous_27)
FNDA:66,(anonymous_28)
FNDA:3,(anonymous_29)
FNDA:2,(anonymous_30)
FNDA:66,(anonymous_31)
FNDA:4,(anonymous_32)
FNDA:14,(anonymous_33)
FNDA:24,(anonymous_34)
FNDA:0,(anonymous_35)
FNDA:28,(anonymous_36)
FNDA:0,(anonymous_37)
FNDA:0,(anonymous_38)
FNDA:24,(anonymous_39)
FNDA:3,(anonymous_40)
FNDA:3,(anonymous_41)
DA:34,41
DA:35,41
DA:39,41
DA:40,41
DA:41,41
DA:44,41
DA:45,41
DA:48,41
DA:49,41
DA:52,41
DA:53,41
DA:54,41
DA:55,41
DA:56,41
DA:57,41
DA:60,41
DA:63,41
DA:64,4
DA:65,0
DA:68,4
DA:70,4
DA:71,4
DA:74,4
DA:75,4
DA:76,4
DA:80,4
DA:81,4
DA:82,12
DA:85,0
DA:86,4
DA:90,41
DA:91,18
DA:92,13
DA:93,13
DA:94,13
DA:98,41
DA:99,12
DA:100,8
DA:101,8
DA:102,8
DA:103,8
DA:106,4
DA:107,4
DA:108,4
DA:109,4
DA:110,8
DA:116,4
DA:122,3
DA:124,3
DA:125,3
DA:126,3
DA:127,3
DA:129,0
[...]
BRDA:83,17,5,0
BRDA:83,17,6,0
BRDA:83,17,7,0
BRDA:86,18,0,0
BRDA:86,18,1,0
BRDA:86,19,0,0
BRDA:86,19,1,0
BRDA:86,19,2,0
BRDA:92,20,0,0
BRDA:92,20,1,0
BRDA:97,21,0,0
BRDA:97,21,1,0
BRF:53
BRH:10
end_of_record
TN:
SF:src\services\appointmentAvailabilityService.js
FN:8,(anonymous_0)
FN:15,(anonymous_1)
FN:19,(anonymous_2)
FN:25,(anonymous_3)
FN:29,(anonymous_4)
FN:36,(anonymous_5)
FN:40,(anonymous_6)
FN:41,(anonymous_7)
FN:50,(anonymous_8)
FN:55,(anonymous_9)
FN:67,(anonymous_10)
FN:74,(anonymous_11)
FN:79,(anonymous_12)
FN:109,(anonymous_13)
FN:114,(anonymous_14)
FN:124,(anonymous_15)
FN:127,(anonymous_16)
FN:137,(anonymous_17)
FN:145,(anonymous_18)
FN:155,(anonymous_19)
FN:160,(anonymous_20)
FNF:21
FNH:21
FNDA:15,(anonymous_0)
FNDA:3,(anonymous_1)
FNDA:5,(anonymous_2)
FNDA:2,(anonymous_3)
FNDA:5,(anonymous_4)
FNDA:5,(anonymous_5)
FNDA:9,(anonymous_6)
FNDA:8,(anonymous_7)
FNDA:6,(anonymous_8)
FNDA:6,(anonymous_9)
FNDA:4,(anonymous_10)
FNDA:5,(anonymous_11)
FNDA:6,(anonymous_12)
FNDA:4,(anonymous_13)
FNDA:4,(anonymous_14)
FNDA:1,(anonymous_15)
FNDA:2,(anonymous_16)
FNDA:1,(anonymous_17)
FNDA:2,(anonymous_18)
FNDA:2,(anonymous_19)
FNDA:2,(anonymous_20)
DA:3,2
DA:4,2
DA:5,2
DA:6,2
DA:8,2
DA:9,15
DA:10,15
DA:11,15
DA:12,15
DA:15,2
DA:16,3
DA:19,2
DA:20,5
DA:21,3
DA:22,1
DA:25,2
DA:26,2
DA:27,2
DA:29,2
DA:30,5
DA:31,5
DA:32,5
DA:36,2
DA:37,5
DA:39,5
DA:40,9
DA:42,8
DA:43,8
DA:44,7
DA:45,8
DA:50,2
DA:51,6
DA:52,6
DA:55,2
DA:56,6
DA:57,6
DA:59,1
DA:60,0
DA:61,0
DA:64,1
DA:67,2
DA:68,4
DA:74,2
DA:75,5
DA:76,5
DA:79,2
DA:85,6
DA:87,6
DA:89,6
DA:90,6
DA:91,6
DA:92,1
DA:95,5
DA:96,5
DA:97,1
DA:98,1
DA:102,4
DA:110,4
DA:111,4
DA:112,4
DA:115,4
DA:118,6
DA:120,6
DA:121,4
DA:124,2
DA:125,1
DA:127,2
DA:137,2
DA:144,1
DA:145,2
DA:153,1
DA:155,1
DA:156,2
DA:158,2
DA:159,2
DA:160,2
DA:161,2
DA:162,2
DA:163,2
DA:167,2
LF:80
LH:78
BRDA:20,0,0,2
BRDA:20,0,1,3
BRDA:21,1,0,2
BRDA:21,1,1,1
BRDA:25,2,0,2
BRDA:37,3,0,5
BRDA:37,3,1,0
BRDA:43,4,0,1
BRDA:43,4,1,7
BRDA:44,5,0,6
BRDA:44,5,1,1
BRDA:51,6,0,6
BRDA:51,6,1,0
BRDA:57,7,0,5
BRDA:57,7,1,1
BRDA:59,8,0,0
BRDA:59,8,1,1
BRDA:83,9,0,6
BRDA:85,10,0,0
BRDA:85,10,1,6
BRDA:85,11,0,6
BRDA:85,11,1,6
BRDA:89,12,0,6
BRDA:89,12,1,0
BRDA:91,13,0,1
BRDA:91,13,1,5
BRDA:96,14,0,1
BRDA:96,14,1,4
BRDA:106,15,0,4
BRDA:106,15,1,0
BRDA:124,16,0,1
BRDA:141,17,0,1
BRDA:142,18,0,1
BRDA:156,19,0,2
BRDA:156,19,1,0
BRDA:158,20,0,2
BRDA:158,20,1,0
BRF:37
BRH:29
end_of_record
TN:
SF:src\services\appointmentService.js
FN:5,(anonymous_0)
FN:12,(anonymous_1)
FN:19,(anonymous_2)
FN:31,(anonymous_3)
FN:43,(anonymous_4)
FN:47,(anonymous_5)
FN:61,(anonymous_6)
FN:69,(anonymous_7)
FN:77,(anonymous_8)
FN:80,(anonymous_9)
FN:81,(anonymous_10)
FN:86,(anonymous_11)
FN:87,(anonymous_12)
FN:93,(anonymous_13)
FN:104,(anonymous_14)
FN:109,(anonymous_15)
FN:114,(anonymous_16)
FN:121,(anonymous_17)
FN:130,(anonymous_18)
FNF:19
FNH:19
FNDA:3,(anonymous_0)
FNDA:2,(anonymous_1)
FNDA:2,(anonymous_2)
FNDA:2,(anonymous_3)
FNDA:2,(anonymous_4)
FNDA:1,(anonymous_5)
FNDA:1,(anonymous_6)
FNDA:2,(anonymous_7)
FNDA:2,(anonymous_8)
FNDA:2,(anonymous_9)
FNDA:2,(anonymous_10)
FNDA:2,(anonymous_11)
FNDA:2,(anonymous_12)
FNDA:2,(anonymous_13)
FNDA:1,(anonymous_14)
FNDA:1,(anonymous_15)
FNDA:1,(anonymous_16)
FNDA:1,(anonymous_17)
FNDA:1,(anonymous_18)
DA:3,1
DA:5,1
DA:6,3
DA:7,1
DA:10,2
DA:11,1
DA:12,2
DA:16,1
DA:19,1
DA:20,2
DA:22,2
DA:23,2
DA:24,1
DA:26,1
DA:27,1
DA:31,1
DA:32,2
DA:34,2
DA:35,2
DA:36,2
DA:38,1
DA:39,1
DA:43,1
DA:44,2
DA:45,2
DA:46,1
DA:47,2
DA:48,1
DA:49,1
DA:51,1
DA:54,1
DA:55,1
DA:61,1
DA:63,1
DA:64,1
DA:69,1
DA:70,2
DA:71,2
DA:73,2
DA:74,0
DA:77,2
DA:78,2
DA:80,2
DA:81,2
DA:84,2
DA:86,2
DA:87,2
DA:90,2
DA:91,2
DA:93,2
DA:104,1
DA:105,1
DA:106,1
DA:109,1
DA:110,1
DA:111,1
DA:114,1
DA:115,1
DA:116,1
DA:117,1
DA:118,1
DA:121,1
DA:122,1
DA:123,1
DA:126,1
DA:129,1
DA:130,1
DA:135,0
DA:136,0
LF:69
LH:66
BRDA:6,0,0,1
BRDA:6,0,1,2
BRDA:6,1,0,3
BRDA:6,1,1,1
BRDA:10,2,0,1
BRDA:10,2,1,1
BRDA:10,3,0,2
BRDA:10,3,1,1
BRDA:20,4,0,0
BRDA:20,4,1,2
BRDA:24,5,0,1
BRDA:24,5,1,0
BRDA:32,6,0,0
BRDA:32,6,1,2
BRDA:36,7,0,2
BRDA:36,7,1,0
BRDA:46,8,0,1
BRDA:46,8,1,0
BRDA:48,9,0,1
BRDA:48,9,1,0
BRDA:49,10,0,1
BRDA:49,10,1,0
BRDA:71,11,0,2
BRDA:71,11,1,0
BRDA:73,12,0,0
BRDA:73,12,1,2
BRDA:81,13,0,2
BRDA:81,13,1,2
BRDA:95,14,0,2
BRDA:95,14,1,1
BRDA:95,14,2,1
BRDA:96,15,0,2
BRDA:96,15,1,1
BRDA:96,15,2,1
BRDA:97,16,0,2
BRDA:97,16,1,1
BRDA:97,16,2,1
BRDA:114,17,0,1
BRDA:116,18,0,1
BRDA:116,18,1,0
BRDA:123,19,0,1
BRDA:123,19,1,0
BRDA:129,20,0,1
BRDA:129,20,1,0
BRF:44
BRH:32
end_of_record
TN:
SF:src\services\authService.js
FN:22,(anonymous_0)
FN:53,(anonymous_1)
FN:72,(anonymous_2)
FN:72,(anonymous_3)
FN:74,(anonymous_4)
FN:89,(anonymous_5)
FN:112,(anonymous_6)
FN:187,(anonymous_7)
FN:206,(anonymous_8)
FN:225,(anonymous_9)
FN:228,(anonymous_10)
FN:236,(anonymous_11)
FN:240,(anonymous_12)
FN:247,(anonymous_13)
FN:255,(anonymous_14)
FN:263,(anonymous_15)
FN:277,(anonymous_16)
FN:294,(anonymous_17)
FN:303,(anonymous_18)
FNF:19
FNH:16
FNDA:3,(anonymous_0)
FNDA:1,(anonymous_1)
FNDA:0,(anonymous_2)
FNDA:0,(anonymous_3)
FNDA:3,(anonymous_4)
FNDA:4,(anonymous_5)
FNDA:2,(anonymous_6)
FNDA:1,(anonymous_7)
FNDA:1,(anonymous_8)
FNDA:1,(anonymous_9)
FNDA:0,(anonymous_10)
FNDA:1,(anonymous_11)
FNDA:1,(anonymous_12)
FNDA:1,(anonymous_13)
FNDA:1,(anonymous_14)
FNDA:1,(anonymous_15)
FNDA:1,(anonymous_16)
FNDA:1,(anonymous_17)
FNDA:1,(anonymous_18)
DA:6,3
DA:22,3
DA:23,3
DA:24,3
DA:25,2
DA:26,2
DA:27,2
DA:28,2
DA:29,1
DA:30,1
DA:31,1
DA:32,1
DA:33,1
DA:34,1
DA:35,1
DA:36,1
DA:37,1
DA:38,1
DA:39,1
DA:40,1
DA:41,1
DA:42,1
DA:43,1
DA:44,1
DA:45,1
DA:46,1
DA:47,1
DA:53,3
DA:54,1
DA:55,1
DA:56,1
DA:58,1
DA:59,1
DA:62,1
DA:63,1
DA:72,3
DA:74,3
DA:75,3
DA:76,3
DA:77,3
DA:79,0
DA:80,0
DA:81,0
DA:82,0
DA:84,0
DA:89,3
DA:90,4
DA:91,4
DA:93,4
DA:94,4
DA:95,4
DA:96,3
DA:97,4
DA:98,2
DA:100,2
DA:101,4
DA:102,2
DA:104,2
DA:105,4
DA:106,2
DA:107,4
DA:108,3
DA:112,3
DA:113,2
DA:115,2
DA:118,2
DA:119,2
DA:120,2
DA:123,2
DA:126,2
DA:127,2
DA:129,0
DA:130,0
DA:131,0
DA:133,0
DA:134,0
DA:135,0
DA:136,0
DA:137,0
DA:138,0
DA:140,0
DA:143,2
DA:144,0
DA:145,0
DA:146,0
DA:147,0
DA:148,0
DA:149,0
DA:150,0
DA:151,0
DA:155,2
DA:157,2
DA:163,2
DA:164,1
DA:165,0
DA:166,0
DA:167,0
DA:168,0
DA:169,0
DA:170,0
DA:171,0
DA:172,0
DA:174,1
DA:175,1
DA:176,1
DA:177,1
DA:180,1
DA:181,1
DA:187,3
DA:188,1
DA:189,1
DA:191,1
DA:201,1
DA:206,3
DA:207,1
DA:208,1
DA:210,1
DA:221,1
DA:225,3
DA:226,1
DA:228,1
DA:229,1
DA:230,1
DA:236,3
DA:237,1
DA:240,3
DA:241,1
DA:247,3
DA:248,1
DA:255,3
DA:256,1
DA:257,1
DA:263,3
DA:264,1
DA:265,1
DA:266,1
DA:272,1
DA:277,3
DA:278,1
DA:279,1
DA:280,1
DA:287,1
DA:294,3
DA:295,1
DA:303,3
DA:304,1
DA:305,1
DA:308,1
DA:309,1
DA:310,1
DA:313,1
DA:315,1
DA:316,1
DA:318,1
DA:319,0
DA:320,0
DA:321,0
DA:322,0
DA:323,0
DA:324,0
DA:328,1
DA:330,1
DA:335,1
DA:336,0
DA:337,0
DA:338,0
DA:339,0
DA:342,1
DA:343,1
DA:344,1
DA:354,0
DA:355,0
DA:356,0
DA:357,0
DA:358,0
DA:359,0
DA:360,0
DA:361,0
DA:362,0
DA:365,0
DA:366,0
DA:367,0
DA:368,0
DA:369,0
DA:370,0
DA:371,0
DA:378,0
DA:380,0
LF:188
LH:129
BRDA:22,0,0,3
BRDA:22,1,0,3
BRDA:24,2,0,1
BRDA:24,2,1,2
BRDA:25,3,0,0
BRDA:25,3,1,2
BRDA:26,4,0,0
BRDA:26,4,1,2
BRDA:27,5,0,0
BRDA:27,5,1,2
BRDA:28,6,0,1
BRDA:28,6,1,1
BRDA:28,7,0,2
BRDA:28,7,1,2
BRDA:29,8,0,0
BRDA:29,8,1,1
BRDA:30,9,0,0
BRDA:30,9,1,1
BRDA:30,10,0,1
BRDA:30,10,1,1
BRDA:31,11,0,0
BRDA:31,11,1,1
BRDA:32,12,0,0
BRDA:32,12,1,1
BRDA:33,13,0,0
BRDA:33,13,1,1
BRDA:34,14,0,0
BRDA:34,14,1,1
BRDA:35,15,0,0
BRDA:35,15,1,1
BRDA:36,16,0,0
BRDA:36,16,1,1
BRDA:37,17,0,0
BRDA:37,17,1,1
BRDA:38,18,0,0
BRDA:38,18,1,1
BRDA:39,19,0,0
BRDA:39,19,1,1
BRDA:40,20,0,0
BRDA:40,20,1,1
BRDA:41,21,0,0
BRDA:41,21,1,1
BRDA:42,22,0,0
BRDA:42,22,1,1
BRDA:43,23,0,0
BRDA:43,23,1,1
BRDA:44,24,0,0
BRDA:44,24,1,1
BRDA:45,25,0,0
BRDA:45,25,1,1
BRDA:45,26,0,1
BRDA:45,26,1,1
BRDA:46,27,0,0
BRDA:46,27,1,1
BRDA:55,28,0,0
BRDA:55,28,1,1
BRDA:58,29,0,1
BRDA:58,29,1,0
BRDA:59,30,0,1
BRDA:59,30,1,0
BRDA:59,31,0,1
BRDA:59,31,1,0
BRDA:74,32,0,3
BRDA:74,33,0,3
BRDA:80,34,0,0
BRDA:80,34,1,0
BRDA:80,35,0,0
BRDA:80,35,1,0
BRDA:80,35,2,0
BRDA:89,36,0,4
BRDA:90,37,0,4
BRDA:90,37,1,0
BRDA:90,37,2,0
BRDA:91,38,0,4
BRDA:91,38,1,2
BRDA:95,39,0,3
BRDA:95,39,1,1
BRDA:97,40,0,2
BRDA:97,40,1,2
BRDA:101,41,0,2
BRDA:101,41,1,2
BRDA:105,42,0,2
BRDA:105,42,1,2
BRDA:107,43,0,3
BRDA:107,43,1,1
BRDA:123,44,0,2
BRDA:123,44,1,0
BRDA:133,45,0,0
BRDA:133,45,1,0
BRDA:134,46,0,0
BRDA:134,46,1,0
BRDA:135,47,0,0
BRDA:135,47,1,0
BRDA:143,48,0,0
BRDA:143,48,1,2
BRDA:163,49,0,1
BRDA:163,49,1,1
BRDA:164,50,0,0
BRDA:164,50,1,1
BRDA:188,51,0,1
BRDA:188,51,1,0
BRDA:189,52,0,1
BRDA:189,52,1,0
BRDA:198,53,0,1
BRDA:198,53,1,0
BRDA:207,54,0,1
BRDA:207,54,1,0
BRDA:208,55,0,1
BRDA:208,55,1,0
BRDA:217,56,0,1
BRDA:217,56,1,0
BRDA:218,57,0,1
BRDA:218,57,1,0
BRDA:264,58,0,1
BRDA:264,58,1,0
BRDA:265,59,0,1
BRDA:265,59,1,0
BRDA:270,60,0,1
BRDA:270,60,1,0
BRDA:278,61,0,1
BRDA:278,61,1,0
BRDA:279,62,0,1
BRDA:279,62,1,0
BRDA:284,63,0,1
BRDA:284,63,1,0
BRDA:285,64,0,1
BRDA:285,64,1,0
BRDA:313,65,0,1
BRDA:313,65,1,0
BRDA:318,66,0,0
BRDA:318,66,1,1
BRDA:335,67,0,0
BRDA:335,67,1,1
BRDA:354,68,0,0
BRDA:354,68,1,0
BRDA:358,69,0,0
BRDA:358,69,1,0
BRDA:359,70,0,0
BRDA:359,70,1,0
BRDA:365,71,0,0
BRDA:365,71,1,0
BRF:141
BRH:75
end_of_record
TN:
SF:src\services\barberBlockService.js
FN:5,(anonymous_0)
FN:15,(anonymous_1)
FN:22,(anonymous_2)
FNF:3
FNH:3
FNDA:1,(anonymous_0)
FNDA:1,(anonymous_1)
FNDA:1,(anonymous_2)
DA:3,1
DA:5,1
DA:6,1
DA:12,1
DA:15,1
DA:16,1
DA:19,1
DA:22,1
DA:23,1
LF:9
LH:9
BRDA:10,0,0,1
BRDA:10,0,1,0
BRDA:19,1,0,1
BRDA:19,1,1,0
BRF:4
BRH:2
end_of_record
TN:
SF:src\services\barbershopService.js
FN:3,(anonymous_0)
FN:13,(anonymous_1)
FN:23,(anonymous_2)
FN:55,(anonymous_3)
FN:60,(anonymous_4)
FN:67,(anonymous_5)
FN:75,(anonymous_6)
FN:78,(anonymous_7)
FN:103,(anonymous_8)
FN:113,(anonymous_9)
FN:123,(anonymous_10)
FN:127,(anonymous_11)
FN:131,(anonymous_12)
FN:135,(anonymous_13)
FN:141,(anonymous_14)
FN:160,(anonymous_15)
FN:167,(anonymous_16)
FN:171,(anonymous_17)
FN:177,(anonymous_18)
FN:186,(anonymous_19)
FN:195,(anonymous_20)
FN:201,(anonymous_21)
FN:202,(anonymous_22)
FN:219,(anonymous_23)
FN:225,(anonymous_24)
FN:231,(anonymous_25)
FN:239,(anonymous_26)
FN:253,(anonymous_27)
FN:258,(anonymous_28)
FN:260,(anonymous_29)
FN:265,(anonymous_30)
FN:273,(anonymous_31)
FN:278,(anonymous_32)
FN:284,(anonymous_33)
FNF:34
FNH:29
FNDA:1,(anonymous_0)
FNDA:1,(anonymous_1)
FNDA:0,(anonymous_2)
FNDA:1,(anonymous_3)
FNDA:0,(anonymous_4)
FNDA:0,(anonymous_5)
FNDA:3,(anonymous_6)
FNDA:2,(anonymous_7)
FNDA:0,(anonymous_8)
FNDA:1,(anonymous_9)
FNDA:1,(anonymous_10)
FNDA:1,(anonymous_11)
FNDA:1,(anonymous_12)
FNDA:1,(anonymous_13)
FNDA:1,(anonymous_14)
FNDA:1,(anonymous_15)
FNDA:1,(anonymous_16)
FNDA:1,(anonymous_17)
FNDA:3,(anonymous_18)
FNDA:1,(anonymous_19)
FNDA:1,(anonymous_20)
FNDA:1,(anonymous_21)
FNDA:1,(anonymous_22)
FNDA:1,(anonymous_23)
FNDA:1,(anonymous_24)
FNDA:1,(anonymous_25)
FNDA:1,(anonymous_26)
FNDA:1,(anonymous_27)
FNDA:1,(anonymous_28)
FNDA:1,(anonymous_29)
FNDA:1,(anonymous_30)
FNDA:1,(anonymous_31)
FNDA:1,(anonymous_32)
FNDA:0,(anonymous_33)
DA:3,1
DA:4,1
DA:5,1
DA:6,1
DA:8,0
DA:9,0
DA:13,1
DA:14,1
DA:15,1
DA:16,0
DA:18,1
DA:19,1
DA:23,1
DA:24,0
DA:27,0
DA:30,0
DA:37,0
DA:38,0
DA:43,0
DA:46,0
DA:47,0
DA:50,0
DA:52,0
DA:55,1
DA:56,1
DA:57,1
DA:60,1
DA:61,0
DA:62,0
DA:63,0
DA:64,0
DA:67,1
DA:68,0
DA:69,0
DA:70,0
DA:71,0
DA:75,1
DA:76,3
DA:78,2
DA:79,2
DA:80,2
DA:81,1
DA:82,1
DA:83,0
DA:86,2
DA:87,2
DA:88,1
DA:89,1
DA:91,1
DA:94,1
DA:95,1
DA:96,1
DA:98,0
DA:99,0
DA:103,1
DA:104,0
DA:105,0
DA:106,0
DA:108,0
DA:109,0
DA:113,1
DA:114,1
DA:115,1
DA:116,1
DA:118,0
DA:119,0
DA:123,1
DA:124,1
DA:127,1
DA:128,1
DA:131,1
DA:132,1
DA:135,1
DA:136,1
DA:137,1
DA:141,1
DA:144,1
DA:145,1
DA:146,1
DA:148,1
DA:151,1
DA:152,1
DA:154,0
DA:155,0
DA:160,1
DA:162,1
DA:163,1
DA:167,1
DA:168,1
DA:171,1
DA:172,1
DA:173,1
DA:174,1
DA:176,1
DA:178,3
DA:179,2
DA:180,1
DA:186,1
DA:188,1
DA:189,1
DA:195,1
DA:196,1
DA:197,1
DA:201,1
DA:202,1
DA:203,1
DA:204,1
DA:205,1
DA:206,0
DA:209,1
DA:210,1
DA:211,1
DA:213,0
DA:214,0
DA:219,1
DA:220,1
DA:221,1
DA:225,1
DA:226,1
DA:227,1
DA:231,1
DA:232,1
DA:233,1
DA:239,1
DA:240,1
DA:241,1
DA:242,1
DA:244,0
DA:245,0
DA:253,1
DA:254,1
DA:255,1
DA:258,1
DA:259,1
DA:260,1
DA:265,1
DA:266,1
DA:267,1
DA:268,1
DA:269,1
DA:270,1
DA:273,1
DA:274,1
DA:275,1
DA:278,1
DA:279,1
DA:284,1
DA:285,0
DA:286,0
DA:287,0
DA:288,0
DA:289,0
LF:152
LH:109
BRDA:46,0,0,0
BRDA:46,0,1,0
BRDA:76,1,0,1
BRDA:76,1,1,2
BRDA:79,2,0,0
BRDA:79,2,1,2
BRDA:80,3,0,1
BRDA:80,3,1,1
BRDA:81,4,0,0
BRDA:81,4,1,1
BRDA:82,5,0,1
BRDA:82,5,1,0
BRDA:89,6,0,1
BRDA:89,6,1,0
BRDA:91,7,0,1
BRDA:91,7,1,1
BRDA:116,8,0,1
BRDA:116,8,1,0
BRDA:148,9,0,0
BRDA:148,9,1,1
BRDA:174,10,0,0
BRDA:174,10,1,1
BRDA:178,11,0,1
BRDA:178,11,1,2
BRDA:179,12,0,1
BRDA:179,12,1,1
BRDA:179,13,0,2
BRDA:179,13,1,1
BRDA:179,13,2,1
BRDA:203,14,0,0
BRDA:203,14,1,1
BRDA:204,15,0,0
BRDA:204,15,1,1
BRDA:205,16,0,1
BRDA:205,16,1,0
BRDA:213,17,0,0
BRDA:213,17,1,0
BRDA:242,18,0,1
BRDA:242,18,1,0
BRDA:258,19,0,1
BRDA:258,20,0,1
BRDA:259,21,0,1
BRDA:259,21,1,0
BRDA:267,22,0,1
BRDA:267,22,1,0
BRDA:268,23,0,1
BRDA:268,23,1,0
BRDA:288,24,0,0
BRDA:288,24,1,0
BRF:49
BRH:29
end_of_record
TN:
SF:src\services\firebase.js
FNF:0
FNH:0
DA:4,2
DA:13,2
DA:14,2
DA:15,2
DA:16,2
LF:5
LH:5
BRF:0
BRH:0
end_of_record
TN:
SF:src\services\gustaveService.js
FN:8,(anonymous_0)
FNF:1
FNH:1
FNDA:1,(anonymous_0)
DA:8,1
DA:9,1
LF:2
LH:2
BRF:0
BRH:0
end_of_record
TN:
SF:src\services\navigationService.js
FN:17,(anonymous_0)
FN:41,(anonymous_1)
FN:52,(anonymous_2)
FN:57,(anonymous_3)
FNF:4
FNH:4
FNDA:9,(anonymous_0)
FNDA:3,(anonymous_1)
FNDA:3,(anonymous_2)
FNDA:11,(anonymous_3)
DA:1,1
DA:15,1
DA:17,1
DA:18,9
DA:20,9
DA:21,1
DA:24,8
DA:25,2
DA:28,6
DA:30,9
DA:31,2
DA:34,4
DA:35,1
DA:38,3
DA:41,1
DA:42,3
DA:43,0
DA:46,3
DA:47,3
DA:48,2
DA:52,1
DA:53,3
DA:54,3
DA:55,2
DA:57,11
LF:25
LH:24
BRDA:17,0,0,9
BRDA:18,1,0,9
BRDA:18,2,0,9
BRDA:20,3,0,1
BRDA:20,3,1,8
BRDA:20,4,0,9
BRDA:20,4,1,8
BRDA:24,5,0,2
BRDA:24,5,1,6
BRDA:24,6,0,8
BRDA:24,6,1,3
BRDA:28,7,0,6
BRDA:28,7,1,2
BRDA:30,8,0,2
BRDA:30,8,1,7
BRDA:34,9,0,1
BRDA:34,9,1,3
BRDA:34,10,0,4
BRDA:34,10,1,1
BRDA:41,11,0,3
BRDA:42,12,0,0
BRDA:42,12,1,3
BRDA:47,13,0,2
BRDA:47,13,1,1
BRDA:52,14,0,3
BRDA:52,15,0,3
BRDA:54,16,0,2
BRDA:54,16,1,1
BRF:28
BRH:27
end_of_record
TN:
SF:src\services\offlineTransactionalService.js
FN:6,(anonymous_0)
FN:13,(anonymous_1)
FNF:2
FNH:2
FNDA:2,(anonymous_0)
FNDA:2,(anonymous_1)
DA:1,2
DA:4,2
DA:6,2
DA:7,2
DA:8,2
DA:10,2
DA:13,2
DA:14,2
DA:15,2
DA:16,1
DA:19,1
LF:11
LH:11
BRDA:10,0,0,2
BRDA:10,0,1,1
BRDA:15,1,0,1
BRDA:15,1,1,1
BRDA:15,2,0,2
BRDA:15,2,1,1
BRF:6
BRH:6
end_of_record
TN:
SF:src\services\pushNotificationService.js
FN:9,(anonymous_0)
FN:18,(anonymous_1)
FN:26,(anonymous_2)
FN:75,(anonymous_3)
FN:78,(anonymous_4)
FNF:5
FNH:0
FNDA:0,(anonymous_0)
FNDA:0,(anonymous_1)
FNDA:0,(anonymous_2)
FNDA:0,(anonymous_3)
FNDA:0,(anonymous_4)
DA:5,2
DA:6,2
DA:7,2
DA:9,2
DA:10,0
DA:11,0
DA:12,0
DA:13,0
DA:14,0
DA:15,0
DA:18,2
DA:19,0
DA:20,0
DA:23,0
DA:26,2
DA:27,0
DA:28,0
DA:31,0
DA:32,0
DA:33,0
DA:36,0
DA:37,0
DA:38,0
DA:42,0
DA:43,0
DA:46,0
DA:47,0
DA:48,0
DA:49,0
DA:54,0
DA:55,0
DA:58,0
DA:59,0
DA:60,0
DA:63,0
DA:68,0
DA:69,0
DA:71,0
DA:75,2
DA:76,0
DA:78,2
DA:79,0
DA:80,0
DA:81,0
DA:84,0
DA:85,0
DA:91,0
LF:47
LH:8
BRDA:6,0,0,2
BRDA:6,0,1,2
BRDA:10,1,0,0
BRDA:10,1,1,0
BRDA:11,2,0,0
BRDA:11,2,1,0
BRDA:12,3,0,0
BRDA:12,3,1,0
BRDA:13,4,0,0
BRDA:13,4,1,0
BRDA:14,5,0,0
BRDA:14,5,1,0
BRDA:19,6,0,0
BRDA:19,6,1,0
BRDA:26,7,0,0
BRDA:26,8,0,0
BRDA:27,9,0,0
BRDA:27,9,1,0
BRDA:31,10,0,0
BRDA:31,10,1,0
BRDA:32,11,0,0
BRDA:32,11,1,0
BRDA:37,12,0,0
BRDA:37,12,1,0
BRDA:42,13,0,0
BRDA:42,13,1,0
BRDA:54,14,0,0
BRDA:54,14,1,0
BRDA:59,15,0,0
BRDA:59,15,1,0
BRDA:80,16,0,0
BRDA:80,16,1,0
BRF:32
BRH:2
end_of_record
TN:
SF:src\services\pwaService.js
FN:11,(anonymous_0)
FN:12,(anonymous_1)
FN:17,(anonymous_2)
FN:18,(anonymous_3)
FN:23,(anonymous_4)
FN:29,(anonymous_5)
FN:30,(anonymous_6)
FN:36,(anonymous_7)
FN:44,(anonymous_8)
FN:45,(anonymous_9)
FN:56,(anonymous_10)
FN:57,(anonymous_11)
FN:64,(anonymous_12)
FN:71,(anonymous_13)
FN:82,(anonymous_14)
FN:85,(anonymous_15)
FN:95,(anonymous_16)
FN:104,(anonymous_17)
FN:111,(anonymous_18)
FN:116,(anonymous_19)
FN:127,(anonymous_20)
FN:132,(anonymous_21)
FN:137,(anonymous_22)
FN:139,(anonymous_23)
FNF:24
FNH:8
FNDA:2,(anonymous_0)
FNDA:2,(anonymous_1)
FNDA:0,(anonymous_2)
FNDA:0,(anonymous_3)
FNDA:0,(anonymous_4)
FNDA:0,(anonymous_5)
FNDA:0,(anonymous_6)
FNDA:0,(anonymous_7)
FNDA:0,(anonymous_8)
FNDA:0,(anonymous_9)
FNDA:1,(anonymous_10)
FNDA:1,(anonymous_11)
FNDA:0,(anonymous_12)
FNDA:2,(anonymous_13)
FNDA:0,(anonymous_14)
FNDA:0,(anonymous_15)
FNDA:0,(anonymous_16)
FNDA:0,(anonymous_17)
FNDA:0,(anonymous_18)
FNDA:0,(anonymous_19)
FNDA:1,(anonymous_20)
FNDA:0,(anonymous_21)
FNDA:1,(anonymous_22)
FNDA:1,(anonymous_23)
DA:3,2
DA:5,2
DA:6,2
DA:7,2
DA:8,2
DA:9,2
DA:11,2
DA:12,2
DA:13,2
DA:17,2
DA:18,0
DA:19,0
DA:23,2
DA:24,0
DA:25,0
DA:26,0
DA:29,2
DA:30,0
DA:31,0
DA:32,0
DA:33,0
DA:36,0
DA:37,0
DA:38,0
DA:44,2
DA:45,0
DA:46,0
DA:47,0
DA:50,0
DA:51,0
DA:52,0
DA:56,2
DA:57,1
DA:58,1
DA:59,1
DA:60,1
DA:61,1
DA:64,1
DA:65,0
DA:66,0
DA:67,0
DA:71,2
DA:72,2
DA:73,1
DA:76,1
DA:78,1
DA:79,1
DA:82,0
DA:83,0
DA:86,0
DA:88,0
DA:89,0
DA:92,0
DA:93,0
DA:96,0
DA:99,0
DA:104,2
DA:105,0
DA:107,0
DA:108,0
DA:111,0
DA:112,0
DA:116,2
DA:117,0
DA:119,0
DA:120,0
DA:121,0
DA:124,0
DA:127,2
DA:128,1
DA:130,1
DA:132,1
DA:133,0
DA:137,2
DA:139,2
DA:140,1
DA:141,0
DA:142,0
DA:145,1
DA:146,1
DA:147,1
DA:149,1
DA:151,1
DA:157,1
DA:158,1
DA:160,1
LF:86
LH:43
BRDA:32,0,0,0
BRDA:32,0,1,0
BRDA:37,1,0,0
BRDA:37,1,1,0
BRDA:37,2,0,0
BRDA:37,2,1,0
BRDA:46,3,0,0
BRDA:46,3,1,0
BRDA:72,4,0,1
BRDA:72,4,1,1
BRDA:78,5,0,1
BRDA:78,5,1,0
BRDA:88,6,0,0
BRDA:88,6,1,0
BRDA:107,7,0,0
BRDA:107,7,1,0
BRDA:119,8,0,0
BRDA:119,8,1,0
BRDA:140,9,0,0
BRDA:140,9,1,1
BRDA:152,10,0,1
BRDA:152,10,1,0
BRF:22
BRH:5
end_of_record
TN:
SF:src\services\pwaTelemetryService.js
FN:20,(anonymous_0)
FN:28,(anonymous_1)
FN:42,(anonymous_2)
FNF:3
FNH:3
FNDA:1,(anonymous_0)
FNDA:1,(anonymous_1)
FNDA:1,(anonymous_2)
DA:1,1
DA:3,1
DA:5,1
DA:20,1
DA:21,1
DA:22,0
DA:25,1
DA:28,1
DA:29,1
DA:30,0
DA:33,1
DA:34,1
DA:35,1
DA:42,1
DA:43,1
DA:49,1
DA:50,1
DA:52,1
DA:53,1
LF:19
LH:17
BRDA:21,0,0,0
BRDA:21,0,1,1
BRDA:29,1,0,0
BRDA:29,1,1,1
BRDA:34,2,0,1
BRDA:34,2,1,0
BRDA:42,3,0,1
BRDA:52,4,0,1
BRDA:52,4,1,0
BRF:9
BRH:5
end_of_record
TN:
SF:src\services\userContext.js
FN:15,(anonymous_0)
FN:18,(anonymous_1)
FN:24,(anonymous_2)
FN:33,(anonymous_3)
FN:44,(anonymous_4)
FN:50,(anonymous_5)
FN:52,(anonymous_6)
FN:59,(anonymous_7)
FNF:8
FNH:8
FNDA:15,(anonymous_0)
FNDA:3,(anonymous_1)
FNDA:5,(anonymous_2)
FNDA:5,(anonymous_3)
FNDA:5,(anonymous_4)
FNDA:1,(anonymous_5)
FNDA:2,(anonymous_6)
FNDA:2,(anonymous_7)
DA:15,15
DA:18,3
DA:19,3
DA:20,3
DA:24,3
DA:25,5
DA:26,5
DA:33,3
DA:34,5
DA:35,5
DA:36,5
DA:44,5
DA:50,3
DA:52,3
DA:59,3
DA:60,2
DA:61,2
LF:17
LH:17
BRDA:15,0,0,15
BRDA:15,0,1,1
BRDA:26,1,0,5
BRDA:26,1,1,2
BRDA:37,2,0,5
BRDA:37,2,1,5
BRDA:37,2,2,2
BRDA:39,3,0,2
BRDA:39,3,1,0
BRDA:50,4,0,1
BRDA:50,4,1,0
BRDA:52,5,0,1
BRDA:52,5,1,1
BRF:13
BRH:11
end_of_record
TN:
SF:src\services\userProfileService.js
FN:3,(anonymous_0)
FN:9,(anonymous_1)
FN:14,(anonymous_2)
FN:19,(anonymous_3)
FN:24,(anonymous_4)
FNF:5
FNH:5
FNDA:2,(anonymous_0)
FNDA:1,(anonymous_1)
FNDA:1,(anonymous_2)
FNDA:1,(anonymous_3)
FNDA:1,(anonymous_4)
DA:3,1
DA:4,2
DA:5,2
DA:6,2
DA:9,1
DA:10,1
DA:11,1
DA:14,1
DA:15,1
DA:16,1
DA:19,1
DA:20,1
DA:21,1
DA:24,1
DA:25,1
DA:26,1
LF:16
LH:16
BRF:0
BRH:0
end_of_record
TN:
SF:src\utils\inputMasks.js
FN:3,onlyDigits
FN:7,maskCpf
FN:16,maskPhone
FNF:3
FNH:3
FNDA:90,onlyDigits
FNDA:14,maskCpf
FNDA:20,maskPhone
DA:1,5
DA:4,90
DA:8,14
DA:10,14
DA:17,20
DA:19,20
DA:20,17
DA:21,16
DA:22,14
DA:24,13
LF:10
LH:10
BRDA:3,0,0,90
BRDA:7,1,0,14
BRDA:16,2,0,20
BRDA:19,3,0,3
BRDA:19,3,1,17
BRDA:20,4,0,1
BRDA:20,4,1,16
BRDA:21,5,0,2
BRDA:21,5,1,14
BRDA:22,6,0,1
BRDA:22,6,1,13
BRF:11
BRH:11
end_of_record
